619117a9db23e5e38cebe189|mustahil
619117aadb23e5e38cebe18b|kejam
619117abdb23e5e38cebe18d|roti
619117acdb23e5e38cebe18f|terutama
619117addb23e5e38cebe191|istimewa
619117aedb23e5e38cebe193|mahal
619117afdb23e5e38cebe195|menjatuhkan
619117b0db23e5e38cebe197|kecepatan
619117b1db23e5e38cebe199|pelajaran
619117b2db23e5e38cebe19b|cincin
619117b3db23e5e38cebe19d|mengemudikan
619117b4db23e5e38cebe19f|lengkap
619117b5db23e5e38cebe1a1|pertarungan
619117b6db23e5e38cebe1a3|sayangnya
619117b7db23e5e38cebe1a5|dikenal
619117b8db23e5e38cebe1a7|tertangkap
619117b9db23e5e38cebe1a9|hakim
619117badb23e5e38cebe1ab|menyebalkan
619117bbdb23e5e38cebe1ad|bangunan
619117bcdb23e5e38cebe1af|mengawasi
619117bddb23e5e38cebe1b1|sengaja
619117bedb23e5e38cebe1b3|Cina
619117bfdb23e5e38cebe1b5|ponsel
619117c0db23e5e38cebe1b7|istana
619117c1db23e5e38cebe1b9|mematikan
619117c2db23e5e38cebe1bb|keberuntungan
619117c3db23e5e38cebe1bd|daya
619117c4db23e5e38cebe1bf|kebakaran
619117c5db23e5e38cebe1c1|sepenuhnya
619117c6db23e5e38cebe1c3|menanyakan
619117c7db23e5e38cebe1c5|kendali
619117c8db23e5e38cebe1c7|kenyataan
619117c9db23e5e38cebe1c9|sebanyak
619117cadb23e5e38cebe1cb|restoran
619117cbdb23e5e38cebe1cd|pekan
619117ccdb23e5e38cebe1cf|hamil
619117cddb23e5e38cebe1d1|pasien
619117cedb23e5e38cebe1d3|roh
619117cfdb23e5e38cebe1d5|kegelapan
619117d0db23e5e38cebe1d7|taruh
619117d1db23e5e38cebe1d9|tolong
619117d2db23e5e38cebe1db|cewek
619117d3db23e5e38cebe1dd|cowok
619117d4db23e5e38cebe1df|kegiatan
619117d5db23e5e38cebe1e1|gampang?
619117d6db23e5e38cebe1e3|sulit/susah?
619117d7db23e5e38cebe1e5|nike
619117d8db23e5e38cebe1e7|misalnya
619117d9db23e5e38cebe1e9|hangat
619117dadb23e5e38cebe1eb|contoh / contohnya
619117dbdb23e5e38cebe1ed|cuci
619117dcdb23e5e38cebe1ef|akhir pekan
619117dddb23e5e38cebe1f1|perlu
619117dedb23e5e38cebe1f3|makan malam
619117dfdb23e5e38cebe1f5|ganteng
