61911220db23e5e38cebd9b9|aku
61911221db23e5e38cebd9bb|kamu
61911221db23e5e38cebd9bd|yang
61911221db23e5e38cebd9bf|tidak
61911221db23e5e38cebd9c1|ini
61911221db23e5e38cebd9c3|itu
61911222db23e5e38cebd9c5|dan
61911222db23e5e38cebd9c7|di
61911222db23e5e38cebd9c9|dia
61911222db23e5e38cebd9cb|akan
61911222db23e5e38cebd9cd|apa
61911223db23e5e38cebd9cf|kita
61911223db23e5e38cebd9d1|untuk
61911223db23e5e38cebd9d3|anda
61911223db23e5e38cebd9d5|bisa
61911223db23e5e38cebd9d7|ada
61911224db23e5e38cebd9d9|mereka
61911224db23e5e38cebd9db|saya
61911224db23e5e38cebd9dd|tahu
61911224db23e5e38cebd9df|dengan
61911224db23e5e38cebd9e1|dari
61911225db23e5e38cebd9e3|ya
61911225db23e5e38cebd9e5|kami
61911225db23e5e38cebd9e7|tapi
61911225db23e5e38cebd9e9|ke
61911225db23e5e38cebd9eb|harus
61911226db23e5e38cebd9ed|sudah
61911226db23e5e38cebd9ef|adalah
61911226db23e5e38cebd9f1|orang
61911226db23e5e38cebd9f3|saja
61911226db23e5e38cebd9f5|ingin
61911227db23e5e38cebd9f7|seperti
61911227db23e5e38cebd9f9|pergi
61911227db23e5e38cebd9fb|jika
61911227db23e5e38cebd9fd|hanya
61911227db23e5e38cebd9ff|sini
61911228db23e5e38cebda01|sekarang
61911228db23e5e38cebda03|semua
61911228db23e5e38cebda05|dalam
61911228db23e5e38cebda07|jadi
61911228db23e5e38cebda09|baik
61911229db23e5e38cebda0b|bukan
61911229db23e5e38cebda0d|jangan
61911229db23e5e38cebda0f|bagaimana
61911229db23e5e38cebda11|punya
6191122adb23e5e38cebda13|lagi
6191122adb23e5e38cebda15|lebih
6191122adb23e5e38cebda17|pada
6191122adb23e5e38cebda19|mungkin
6191122adb23e5e38cebda1b|melakukan
6191122bdb23e5e38cebda1d|kalian
6191122bdb23e5e38cebda1f|sangat
6191122bdb23e5e38cebda21|karena
6191122bdb23e5e38cebda23|satu
6191122bdb23e5e38cebda25|pernah
6191122cdb23e5e38cebda27|mau
6191122cdb23e5e38cebda29|telah
6191122cdb23e5e38cebda2b|ayo
6191122cdb23e5e38cebda2d|siapa
6191122cdb23e5e38cebda2f|juga
6191122ddb23e5e38cebda31|hal
6191122ddb23e5e38cebda33|kembali
6191122ddb23e5e38cebda35|datang
6191122ddb23e5e38cebda37|atau
6191122ddb23e5e38cebda39|hari
6191122edb23e5e38cebda3b|sesuatu
6191122edb23e5e38cebda3d|kasih
6191122edb23e5e38cebda3f|melihat
6191122edb23e5e38cebda41|banyak
6191122edb23e5e38cebda43|saat
6191122fdb23e5e38cebda45|benar
6191122fdb23e5e38cebda47|terima kasih
6191122fdb23e5e38cebda49|begitu
6191122fdb23e5e38cebda4b|tentang
6191122fdb23e5e38cebda4d|terjadi
61911230db23e5e38cebda4f|bahwa
61911230db23e5e38cebda51|menjadi
61911230db23e5e38cebda53|kenapa
61911230db23e5e38cebda55|seorang
61911230db23e5e38cebda57|bagus
61911231db23e5e38cebda59|bilang
61911231db23e5e38cebda5b|masih
61911231db23e5e38cebda5d|oke
61911231db23e5e38cebda5f|sana
61911231db23e5e38cebda61|kalau
61911232db23e5e38cebda63|keluar
61911232db23e5e38cebda65|mana
61911232db23e5e38cebda67|lain
61911232db23e5e38cebda69|waktu
61911232db23e5e38cebda6b|malam
61911233db23e5e38cebda6d|tempat
61911233db23e5e38cebda6f|mati
61911233db23e5e38cebda71|lalu
61911233db23e5e38cebda73|maaf
61911234db23e5e38cebda75|dapat
61911234db23e5e38cebda77|membuat
61911234db23e5e38cebda79|memiliki
61911234db23e5e38cebda7b|anak
61911234db23e5e38cebda7d|tahun
61911235db23e5e38cebda7f|sedang
61911235db23e5e38cebda81|sampai
61911235db23e5e38cebda83|mengapa
61911235db23e5e38cebda85|beberapa
61911235db23e5e38cebda87|sekali
61911236db23e5e38cebda89|baru
61911236db23e5e38cebda8b|mengatakan
61911236db23e5e38cebda8d|sendiri
61911236db23e5e38cebda8f|sebuah
61911236db23e5e38cebda91|ayah
61911237db23e5e38cebda93|menunggu
61911237db23e5e38cebda95|hidup
61911237db23e5e38cebda97|memerlukan
61911237db23e5e38cebda99|ketika
61911237db23e5e38cebda9b|salah
61911238db23e5e38cebda9d|cepat
61911238db23e5e38cebda9f|sama
61911238db23e5e38cebdaa1|besar
61911238db23e5e38cebdaa3|masuk
61911238db23e5e38cebdaa5|semuanya
61911239db23e5e38cebdaa7|mendengar
61911239db23e5e38cebdaa9|rumah
61911239db23e5e38cebdaab|pikir
61911239db23e5e38cebdaad|dua
61911239db23e5e38cebdaaf|tuhan
6191123adb23e5e38cebdab1|masalah
6191123adb23e5e38cebdab3|selamat
6191123adb23e5e38cebdab5|tentu
6191123adb23e5e38cebdab7|pasti
6191123adb23e5e38cebdab9|belum
6191123bdb23e5e38cebdabb|bapak
6191123bdb23e5e38cebdabd|berbicara
6191123bdb23e5e38cebdabf|suka
6191123bdb23e5e38cebdac1|cukup
6191123bdb23e5e38cebdac3|selalu
6191123cdb23e5e38cebdac5|pria
6191123cdb23e5e38cebdac7|seseorang
6191123cdb23e5e38cebdac9|mengerti
6191123cdb23e5e38cebdacb|sedikit
6191123cdb23e5e38cebdacd|ibu
6191123ddb23e5e38cebdacf|berada
6191123ddb23e5e38cebdad1|atas
6191123ddb23e5e38cebdad3|setelah
6191123ddb23e5e38cebdad5|menolong
6191123edb23e5e38cebdad7|tinggal
6191123edb23e5e38cebdad9|sayang
6191123edb23e5e38cebdadb|menemukan
6191123edb23e5e38cebdadd|bahkan
6191123edb23e5e38cebdadf|percaya
6191123fdb23e5e38cebdae1|jalan
6191123fdb23e5e38cebdae3|bertemu
6191123fdb23e5e38cebdae5|bekerja
6191123fdb23e5e38cebdae7|lama
6191123fdb23e5e38cebdae9|terlalu
61911240db23e5e38cebdaeb|makan
61911240db23e5e38cebdaed|wanita
61911240db23e5e38cebdaef|mari
61911240db23e5e38cebdaf1|kecil
61911240db23e5e38cebdaf3|kali
61911241db23e5e38cebdaf5|tetap
61911241db23e5e38cebdaf7|setiap
61911241db23e5e38cebdaf9|sebagai
61911241db23e5e38cebdafb|oleh
61911241db23e5e38cebdafd|berhenti
61911242db23e5e38cebdaff|yakin
61911242db23e5e38cebdb01|membunuh
61911242db23e5e38cebdb03|luar
61911242db23e5e38cebdb05|mengambil
61911242db23e5e38cebdb07|cara
61911243db23e5e38cebdb09|dunia
61911243db23e5e38cebdb0b|mulai
61911243db23e5e38cebdb0d|pertama
61911243db23e5e38cebdb0f|selama
61911243db23e5e38cebdb11|sebelum
61911244db23e5e38cebdb13|uang
61911244db23e5e38cebdb15|bersama
61911244db23e5e38cebdb17|teman
61911244db23e5e38cebdb19|boleh
61911244db23e5e38cebdb1b|senang
61911245db23e5e38cebdb1d|merasa
61911245db23e5e38cebdb1f|mencari
61911245db23e5e38cebdb21|gadis
61911245db23e5e38cebdb23|membutuhkan
61911245db23e5e38cebdb25|jam
61911246db23e5e38cebdb27|mencoba
61911246db23e5e38cebdb29|tanpa
61911246db23e5e38cebdb2b|dulu
61911246db23e5e38cebdb2d|polisi
61911246db23e5e38cebdb2f|buruk
61911247db23e5e38cebdb31|sebenarnya
61911247db23e5e38cebdb33|para
61911247db23e5e38cebdb35|berapa
61911247db23e5e38cebdb37|membawa
61911248db23e5e38cebdb39|kemudian
61911248db23e5e38cebdb3b|siap
61911248db23e5e38cebdb3d|ingat
61911248db23e5e38cebdb3f|sial
61911248db23e5e38cebdb41|membiarkan
61911249db23e5e38cebdb43|mobil
61911249db23e5e38cebdb45|takkan
61911249db23e5e38cebdb47|tuan
61911249db23e5e38cebdb49|tidur
61911249db23e5e38cebdb4b|gila
6191124adb23e5e38cebdb4d|maksud
6191124adb23e5e38cebdb4f|kepada
6191124adb23e5e38cebdb51|terus
6191124adb23e5e38cebdb53|pulang
6191124adb23e5e38cebdb55|segera
6191124bdb23e5e38cebdb57|kota
6191124bdb23e5e38cebdb59|sakit
6191124bdb23e5e38cebdb5b|nama
6191124bdb23e5e38cebdb5d|halo
6191124bdb23e5e38cebdb5f|takut
6191124cdb23e5e38cebdb61|pun
6191124cdb23e5e38cebdb63|sialan
6191124cdb23e5e38cebdb65|seharusnya
6191124cdb23e5e38cebdb67|memang
6191124cdb23e5e38cebdb69|terakhir
6191124ddb23e5e38cebdb6b|biasa
6191124ddb23e5e38cebdb6d|tiga
6191124ddb23e5e38cebdb6f|membantu
6191124ddb23e5e38cebdb71|terlihat
6191124ddb23e5e38cebdb73|depan
6191124edb23e5e38cebdb75|cinta
6191124edb23e5e38cebdb77|sebentar
6191124edb23e5e38cebdb79|minta
6191124edb23e5e38cebdb7b|bodoh
6191124edb23e5e38cebdb7d|bagian
6191124fdb23e5e38cebdb7f|manusia
6191124fdb23e5e38cebdb81|bawah
6191124fdb23e5e38cebdb83|berhasil
6191124fdb23e5e38cebdb85|tepat
6191124fdb23e5e38cebdb87|memberi
61911250db23e5e38cebdb89|rasa
61911250db23e5e38cebdb8b|air
61911250db23e5e38cebdb8d|sepertinya
61911250db23e5e38cebdb8f|pagi
61911250db23e5e38cebdb91|sungguh
61911251db23e5e38cebdb93|hebat
61911251db23e5e38cebdb95|bagi
61911251db23e5e38cebdb97|tangan
61911251db23e5e38cebdb99|pekerjaan
61911252db23e5e38cebdb9b|kehilangan
61911252db23e5e38cebdb9d|mengikuti
61911252db23e5e38cebdb9f|keluarga
61911252db23e5e38cebdba1|cuma
61911252db23e5e38cebdba3|nanti
61911253db23e5e38cebdba5|suatu
61911253db23e5e38cebdba7|tua
61911253db23e5e38cebdba9|bergerak
61911253db23e5e38cebdbab|paling
61911253db23e5e38cebdbad|tenang
61911254db23e5e38cebdbaf|jauh
61911254db23e5e38cebdbb1|masa
61911254db23e5e38cebdbb3|menit
61911254db23e5e38cebdbb5|meninggalkan
61911254db23e5e38cebdbb7|terbaik
61911255db23e5e38cebdbb9|peduli
61911255db23e5e38cebdbbb|penting
61911255db23e5e38cebdbbd|aneh
61911255db23e5e38cebdbbf|seluruh
61911255db23e5e38cebdbc1|menghentikan
61911256db23e5e38cebdbc3|selesai
61911256db23e5e38cebdbc5|tadi
61911256db23e5e38cebdbc7|duduk
61911256db23e5e38cebdbc9|kedua
61911256db23e5e38cebdbcb|bulan
61911257db23e5e38cebdbcd|senjata
61911257db23e5e38cebdbcf|besok
61911257db23e5e38cebdbd1|khawatir
61911257db23e5e38cebdbd3|kepala
61911257db23e5e38cebdbd5|minum
61911258db23e5e38cebdbd7|berarti
61911258db23e5e38cebdbd9|secara
61911258db23e5e38cebdbdb|pintu
61911258db23e5e38cebdbdd|hampir
61911258db23e5e38cebdbdf|sekolah
61911259db23e5e38cebdbe1|berjalan
61911259db23e5e38cebdbe3|diam
61911259db23e5e38cebdbe5|sebelumnya
61911259db23e5e38cebdbe7|aman
61911259db23e5e38cebdbe9|sekitar
6191125adb23e5e38cebdbeb|buat
6191125adb23e5e38cebdbed|kemari
6191125adb23e5e38cebdbef|sejak
6191125adb23e5e38cebdbf1|nah
6191125adb23e5e38cebdbf3|maka
6191125bdb23e5e38cebdbf5|bermain
6191125bdb23e5e38cebdbf7|menggunakan
6191125bdb23e5e38cebdbf9|astaga
6191125bdb23e5e38cebdbfb|cari
6191125cdb23e5e38cebdbfd|sulit
6191125cdb23e5e38cebdbff|dekat
6191125cdb23e5e38cebdc01|jatuh
6191125cdb23e5e38cebdc03|kapan
6191125cdb23e5e38cebdc05|memberitahu
6191125ddb23e5e38cebdc07|kesempatan
6191125ddb23e5e38cebdc09|cantik
6191125ddb23e5e38cebdc0b|benarkah
6191125ddb23e5e38cebdc0d|mudah
6191125ddb23e5e38cebdc0f|kawan
6191125edb23e5e38cebdc11|mendapatkan
6191125edb23e5e38cebdc13|menarik
6191125edb23e5e38cebdc15|soal
6191125edb23e5e38cebdc17|mata
6191125edb23e5e38cebdc19|berakhir
6191125fdb23e5e38cebdc1b|nya
6191125fdb23e5e38cebdc1d|hati
6191125fdb23e5e38cebdc1f|jelas
6191125fdb23e5e38cebdc21|akhirnya
6191125fdb23e5e38cebdc23|minggu
61911260db23e5e38cebdc25|tim
61911260db23e5e38cebdc27|indah
61911260db23e5e38cebdc29|alasan
61911260db23e5e38cebdc2b|bangun
61911260db23e5e38cebdc2d|keras
61911261db23e5e38cebdc2f|serius
61911261db23e5e38cebdc31|berubah
61911261db23e5e38cebdc33|menyenangkan
61911261db23e5e38cebdc35|kosong
61911261db23e5e38cebdc37|belakang
61911262db23e5e38cebdc39|dokter
61911262db23e5e38cebdc3b|agar
61911262db23e5e38cebdc3d|kuat
61911262db23e5e38cebdc3f|lari
61911262db23e5e38cebdc41|mendengarkan
61911263db23e5e38cebdc43|kamar
61911263db23e5e38cebdc45|kata
61911263db23e5e38cebdc47|Amerika
61911263db23e5e38cebdc49|berharap
61911263db23e5e38cebdc4b|bertanya
61911264db23e5e38cebdc4d|bajingan
61911264db23e5e38cebdc4f|berbeda
61911264db23e5e38cebdc51|hilang
61911264db23e5e38cebdc53|darah
61911265db23e5e38cebdc55|makanan
61911265db23e5e38cebdc57|menurut
61911265db23e5e38cebdc59|perang
61911265db23e5e38cebdc5b|bantuan
61911265db23e5e38cebdc5d|raja
61911266db23e5e38cebdc5f|demi
61911266db23e5e38cebdc61|kabar
61911266db23e5e38cebdc63|telepon
61911266db23e5e38cebdc65|kehidupan
61911266db23e5e38cebdc67|buku
61911267db23e5e38cebdc69|meninggal
61911267db23e5e38cebdc6b|ruang
61911267db23e5e38cebdc6d|daripada
61911267db23e5e38cebdc6f|turun
61911267db23e5e38cebdc71|lima
61911268db23e5e38cebdc73|kaki
61911268db23e5e38cebdc75|menyelamatkan
61911268db23e5e38cebdc77|melepaskan
61911268db23e5e38cebdc79|menuju
61911268db23e5e38cebdc7b|kapal
61911269db23e5e38cebdc7d|pertanyaan
61911269db23e5e38cebdc7f|suara
61911269db23e5e38cebdc81|anjing
61911269db23e5e38cebdc83|naik
61911269db23e5e38cebdc85|dasar
6191126adb23e5e38cebdc87|muda
6191126adb23e5e38cebdc89|permisi
6191126adb23e5e38cebdc8b|perjalanan
6191126adb23e5e38cebdc8d|kasus
6191126adb23e5e38cebdc8f|tinggi
6191126bdb23e5e38cebdc91|lupa
6191126bdb23e5e38cebdc93|marah
6191126bdb23e5e38cebdc95|menikah
6191126bdb23e5e38cebdc97|lewat
6191126bdb23e5e38cebdc99|ide
6191126cdb23e5e38cebdc9b|rencana
6191126cdb23e5e38cebdc9d|belajar
6191126cdb23e5e38cebdc9f|silakan
6191126cdb23e5e38cebdca1|penuh
6191126cdb23e5e38cebdca3|lucu
6191126ddb23e5e38cebdca5|negara
6191126ddb23e5e38cebdca7|berusaha
6191126ddb23e5e38cebdca9|berdiri
6191126ddb23e5e38cebdcab|cerita
6191126ddb23e5e38cebdcad|kecuali
6191126edb23e5e38cebdcaf|tanah
6191126edb23e5e38cebdcb1|kekuatan
6191126edb23e5e38cebdcb3|buka
6191126edb23e5e38cebdcb5|langsung
6191126fdb23e5e38cebdcb7|menang
6191126fdb23e5e38cebdcb9|antara
6191126fdb23e5e38cebdcbb|membicarakan
6191126fdb23e5e38cebdcbd|menunjukkan
6191126fdb23e5e38cebdcbf|bila
61911270db23e5e38cebdcc1|kematian
61911270db23e5e38cebdcc3|pesawat
61911270db23e5e38cebdcc5|Nona
61911270db23e5e38cebdcc7|melalui
61911270db23e5e38cebdcc9|sendirian
61911271db23e5e38cebdccb|melawan
61911271db23e5e38cebdccd|akhir
61911271db23e5e38cebdccf|menerima
61911271db23e5e38cebdcd1|rahasia
61911271db23e5e38cebdcd3|nomor
61911272db23e5e38cebdcd5|sepanjang
61911272db23e5e38cebdcd7|terlambat
61911272db23e5e38cebdcd9|api
61911272db23e5e38cebdcdb|pesta
61911272db23e5e38cebdcdd|memahami
61911273db23e5e38cebdcdf|artinya
61911273db23e5e38cebdce1|brengsek
61911273db23e5e38cebdce3|empat
61911273db23e5e38cebdce5|kira
61911273db23e5e38cebdce7|pilihan
61911274db23e5e38cebdce9|rasanya
61911274db23e5e38cebdceb|sementara
61911274db23e5e38cebdced|panas
61911274db23e5e38cebdcef|memilih
61911274db23e5e38cebdcf1|semakin
61911275db23e5e38cebdcf3|mulia
61911275db23e5e38cebdcf5|omong
61911275db23e5e38cebdcf7|film
61911275db23e5e38cebdcf9|tiba
61911275db23e5e38cebdcfb|menembak
61911276db23e5e38cebdcfd|bung
61911276db23e5e38cebdcff|memakai
61911276db23e5e38cebdd01|tampak
61911276db23e5e38cebdd03|segalanya
61911276db23e5e38cebdd05|membayar
61911277db23e5e38cebdd07|penjara
61911277db23e5e38cebdd09|kesalahan
61911277db23e5e38cebdd0b|sempurna
61911277db23e5e38cebdd0d|menahan
61911278db23e5e38cebdd0f|pesan
61911278db23e5e38cebdd11|perusahaan
61911278db23e5e38cebdd13|bercanda
61911278db23e5e38cebdd15|bayi
61911278db23e5e38cebdd17|bahagia
61911279db23e5e38cebdd19|nyata
61911279db23e5e38cebdd1b|mengenal
61911279db23e5e38cebdd1d|menjawab
61911279db23e5e38cebdd1f|tutup
61911279db23e5e38cebdd21|bahasa
6191127adb23e5e38cebdd23|semoga
6191127adb23e5e38cebdd25|keren
6191127adb23e5e38cebdd27|bertahan
6191127adb23e5e38cebdd29|muncul
6191127adb23e5e38cebdd2b|kantor
6191127bdb23e5e38cebdd2d|terbang
6191127bdb23e5e38cebdd2f|surat
6191127bdb23e5e38cebdd31|mundur
6191127bdb23e5e38cebdd33|mesin
6191127bdb23e5e38cebdd35|janji
6191127cdb23e5e38cebdd37|beruntung
6191127cdb23e5e38cebdd39|permainan
6191127cdb23e5e38cebdd3b|perintah
6191127cdb23e5e38cebdd3d|bumi
6191127cdb23e5e38cebdd3f|sebaiknya
6191127ddb23e5e38cebdd41|gue
6191127ddb23e5e38cebdd43|dingin
6191127ddb23e5e38cebdd45|setuju
6191127ddb23e5e38cebdd47|awal
6191127ddb23e5e38cebdd49|menjaga
6191127edb23e5e38cebdd4b|putri
6191127edb23e5e38cebdd4d|perempuan
6191127edb23e5e38cebdd4f|guru
6191127edb23e5e38cebdd51|mengulangi
6191127edb23e5e38cebdd53|berikutnya
6191127fdb23e5e38cebdd55|namun
6191127fdb23e5e38cebdd57|tampaknya
6191127fdb23e5e38cebdd59|setidaknya
6191127fdb23e5e38cebdd5b|semacam
6191127fdb23e5e38cebdd5d|sering
61911280db23e5e38cebdd5f|bisnis
61911280db23e5e38cebdd61|membeli
61911280db23e5e38cebdd63|menghancurkan
61911280db23e5e38cebdd65|segala
61911280db23e5e38cebdd67|tanda
61911281db23e5e38cebdd69|kelas
61911281db23e5e38cebdd6b|barang
61911281db23e5e38cebdd6d|membaca
61911281db23e5e38cebdd6f|berita
61911282db23e5e38cebdd71|sehingga
61911282db23e5e38cebdd73|laut
61911282db23e5e38cebdd75|kurang
61911282db23e5e38cebdd77|jahat
61911282db23e5e38cebdd79|menangkap
61911283db23e5e38cebdd7b|setengah
61911283db23e5e38cebdd7d|menelepon
61911283db23e5e38cebdd7f|pikiran
61911283db23e5e38cebdd81|mencuri
61911283db23e5e38cebdd83|menulis
61911284db23e5e38cebdd85|berbahaya
61911284db23e5e38cebdd87|mimpi
61911284db23e5e38cebdd89|tugas
61911284db23e5e38cebdd8b|benda
61911284db23e5e38cebdd8d|sang
61911285db23e5e38cebdd8f|siang
61911285db23e5e38cebdd91|tersebut
61911285db23e5e38cebdd93|meskipun
61911285db23e5e38cebdd95|hukum
61911285db23e5e38cebdd97|berani
61911286db23e5e38cebdd99|istri
61911286db23e5e38cebdd9b|saudara
61911286db23e5e38cebdd9d|hitam
61911286db23e5e38cebdd9f|menangis
61911286db23e5e38cebdda1|terluka
61911287db23e5e38cebdda3|manis
61911287db23e5e38cebdda5|kunci
61911287db23e5e38cebdda7|hubungan
61911287db23e5e38cebdda9|sebelah
61911287db23e5e38cebddab|juta
61911288db23e5e38cebddad|agak
61911288db23e5e38cebddaf|mengenai
61911288db23e5e38cebddb1|musim
61911288db23e5e38cebddb3|tubuh
61911288db23e5e38cebddb5|Inggris
61911289db23e5e38cebddb7|kereta
61911289db23e5e38cebddb9|enam
61911289db23e5e38cebddbb|sebabnya
61911289db23e5e38cebddbd|berbohong
61911289db23e5e38cebddbf|udara
6191128adb23e5e38cebddc1|menyesal
6191128adb23e5e38cebddc3|mengirim
6191128adb23e5e38cebddc5|mengerikan
6191128adb23e5e38cebddc7|putih
6191128adb23e5e38cebddc9|melindungi
6191128bdb23e5e38cebddcb|sisi
6191128bdb23e5e38cebddcd|hadiah
6191128bdb23e5e38cebddcf|arah
6191128bdb23e5e38cebddd1|merah
6191128bdb23e5e38cebddd3|memikirkan
6191128cdb23e5e38cebddd5|informasi
6191128cdb23e5e38cebddd7|lantai
6191128cdb23e5e38cebddd9|berat
6191128cdb23e5e38cebdddb|terhadap
6191128cdb23e5e38cebdddd|pindah
6191128ddb23e5e38cebdddf|bebas
6191128ddb23e5e38cebdde1|membenci
6191128ddb23e5e38cebdde3|presiden
6191128ddb23e5e38cebdde5|enak
6191128edb23e5e38cebdde7|betapa
6191128edb23e5e38cebdde9|kemarin
6191128edb23e5e38cebddeb|nyonya
6191128edb23e5e38cebdded|pribadi
6191128edb23e5e38cebddef|wajah
6191128fdb23e5e38cebddf1|selamanya
6191128fdb23e5e38cebddf3|obat
6191128fdb23e5e38cebddf5|bersalah
6191128fdb23e5e38cebddf7|memutuskan
6191128fdb23e5e38cebddf9|melewati
61911290db23e5e38cebddfb|saling
61911290db23e5e38cebddfd|lagu
61911290db23e5e38cebddff|menghilang
61911290db23e5e38cebde01|bergabung
61911290db23e5e38cebde03|paman
61911291db23e5e38cebde05|sistem
61911291db23e5e38cebde07|menghabiskan
61911291db23e5e38cebde09|memanggil
61911291db23e5e38cebde0b|kartu
61911291db23e5e38cebde0d|mengubah
61911292db23e5e38cebde0f|mampu
61911292db23e5e38cebde11|membuka
61911292db23e5e38cebde13|begini
61911292db23e5e38cebde15|pintar
61911292db23e5e38cebde17|hingga
61911293db23e5e38cebde19|selain
61911293db23e5e38cebde1b|lu
61911293db23e5e38cebde1d|milik
61911293db23e5e38cebde1f|kanan
61911293db23e5e38cebde21|mengalami
61911294db23e5e38cebde23|musik
61911294db23e5e38cebde25|jenis
61911294db23e5e38cebde27|berjanji
61911294db23e5e38cebde29|toko
61911294db23e5e38cebde2b|keadaan
61911295db23e5e38cebde2d|entah
61911295db23e5e38cebde2f|menyerang
61911295db23e5e38cebde31|keamanan
61911295db23e5e38cebde33|memeriksa
61911295db23e5e38cebde35|menyerah
61911296db23e5e38cebde37|sibuk
61911296db23e5e38cebde39|panjang
61911296db23e5e38cebde3b|bos
61911296db23e5e38cebde3d|batu
61911296db23e5e38cebde3f|pernikahan
61911297db23e5e38cebde41|pakaian
61911297db23e5e38cebde43|gagal
61911297db23e5e38cebde45|detik
61911297db23e5e38cebde47|tertawa
61911297db23e5e38cebde49|tentara
61911298db23e5e38cebde4b|jujur
61911298db23e5e38cebde4d|tengah
61911298db23e5e38cebde4f|sadar
61911298db23e5e38cebde51|mandi
61911299db23e5e38cebde53|biasanya
61911299db23e5e38cebde55|matahari
61911299db23e5e38cebde57|kiri
61911299db23e5e38cebde59|foto
61911299db23e5e38cebde5b|petugas
6191129adb23e5e38cebde5d|burung
6191129adb23e5e38cebde5f|anggota
6191129adb23e5e38cebde61|bintang
6191129adb23e5e38cebde63|akal
6191129adb23e5e38cebde65|ruangan
6191129bdb23e5e38cebde67|kecelakaan
6191129bdb23e5e38cebde69|hutan
6191129bdb23e5e38cebde6b|memukul
6191129bdb23e5e38cebde6d|makhluk
6191129bdb23e5e38cebde6f|seberapa
6191129cdb23e5e38cebde71|posisi
6191129cdb23e5e38cebde73|panggilan
6191129cdb23e5e38cebde75|nenek
6191129cdb23e5e38cebde77|khusus
6191129cdb23e5e38cebde79|terbuka
6191129ddb23e5e38cebde7b|mohon
6191129ddb23e5e38cebde7d|perasaan
6191129ddb23e5e38cebde7f|acara
6191129ddb23e5e38cebde81|utama
6191129ddb23e5e38cebde83|tertarik
6191129edb23e5e38cebde85|kamera
6191129edb23e5e38cebde87|cahaya
6191129edb23e5e38cebde89|menonton
6191129edb23e5e38cebde8b|tujuan
6191129edb23e5e38cebde8d|gak
6191129fdb23e5e38cebde8f|catatan
6191129fdb23e5e38cebde91|menggambar
6191129fdb23e5e38cebde93|mabuk
6191129fdb23e5e38cebde95|utara
6191129fdb23e5e38cebde97|kotak
619112a0db23e5e38cebde99|cocok
619112a0db23e5e38cebde9b|kabur
619112a0db23e5e38cebde9d|kalah
619112a0db23e5e38cebde9f|kini
619112a0db23e5e38cebdea1|perhatian
619112a1db23e5e38cebdea3|kuda
619112a1db23e5e38cebdea5|menyelesaikan
619112a1db23e5e38cebdea7|menjual
619112a1db23e5e38cebdea9|kakak
619112a1db23e5e38cebdeab|selanjutnya
619112a2db23e5e38cebdead|operasi
619112a2db23e5e38cebdeaf|masalahnya
619112a2db23e5e38cebdeb1|situasi
619112a2db23e5e38cebdeb3|dewa
619112a3db23e5e38cebdeb5|hak
619112a3db23e5e38cebdeb7|sejauh
619112a3db23e5e38cebdeb9|daging
619112a3db23e5e38cebdebb|kejahatan
619112a3db23e5e38cebdebd|bank
619112a4db23e5e38cebdebf|kulit
619112a4db23e5e38cebdec1|es
619112a4db23e5e38cebdec3|merupakan
619112a4db23e5e38cebdec5|hantu
619112a4db23e5e38cebdec7|ternyata
619112a5db23e5e38cebdec9|terlibat
619112a5db23e5e38cebdecb|kopi
619112a5db23e5e38cebdecd|penjaga
619112a5db23e5e38cebdecf|ahli
619112a5db23e5e38cebded1|melarikan
619112a6db23e5e38cebded3|gelap
619112a6db23e5e38cebded5|sampah
619112a6db23e5e38cebded7|bau
619112a6db23e5e38cebded9|emas
619112a6db23e5e38cebdedb|mengganggu
619112a7db23e5e38cebdedd|mengangkat
619112a7db23e5e38cebdedf|berguna
619112a7db23e5e38cebdee1|pantas
619112a7db23e5e38cebdee3|ketakutan
619112a7db23e5e38cebdee5|menceritakan
619112a8db23e5e38cebdee7|alam
619112a8db23e5e38cebdee9|menyadari
619112a8db23e5e38cebdeeb|pacar
619112a8db23e5e38cebdeed|bersumpah
619112a8db23e5e38cebdeef|istirahat
619112a9db23e5e38cebdef1|prajurit
619112a9db23e5e38cebdef3|gedung
619112a9db23e5e38cebdef5|pemerintah
619112a9db23e5e38cebdef7|pusat
619112a9db23e5e38cebdef9|daerah
619112aadb23e5e38cebdefb|bernama
619112aadb23e5e38cebdefd|kaya
619112aadb23e5e38cebdeff|pohon
619112aadb23e5e38cebdf01|alat
619112aadb23e5e38cebdf03|menempatkan
619112abdb23e5e38cebdf05|daftar
619112abdb23e5e38cebdf07|laporan
619112abdb23e5e38cebdf09|meja
619112abdb23e5e38cebdf0b|kemungkinan
619112abdb23e5e38cebdf0d|lapar
619112acdb23e5e38cebdf0f|hotel
619112acdb23e5e38cebdf11|nyaman
619112acdb23e5e38cebdf13|menghubungi
619112acdb23e5e38cebdf15|minuman
619112acdb23e5e38cebdf17|selatan
619112addb23e5e38cebdf19|pertemuan
619112addb23e5e38cebdf1b|bahaya
619112addb23e5e38cebdf1d|kejadian
619112addb23e5e38cebdf1f|maju
619112addb23e5e38cebdf21|asing
619112aedb23e5e38cebdf23|binatang
619112aedb23e5e38cebdf25|sobat
619112aedb23e5e38cebdf27|rambut
619112aedb23e5e38cebdf29|ikan
619112afdb23e5e38cebdf2b|menutup
619112afdb23e5e38cebdf2d|layak
619112afdb23e5e38cebdf2f|sebagian
619112afdb23e5e38cebdf31|sejarah
619112afdb23e5e38cebdf33|balik
619112b0db23e5e38cebdf35|sepatu
619112b0db23e5e38cebdf37|kebenaran
619112b0db23e5e38cebdf39|rusak
619112b0db23e5e38cebdf3b|berasal
619112b0db23e5e38cebdf3d|menjelaskan
619112b1db23e5e38cebdf3f|berangkat
619112b1db23e5e38cebdf41|otak
619112b1db23e5e38cebdf43|bercinta
619112b1db23e5e38cebdf45|normal
619112b1db23e5e38cebdf47|urusan
619112b2db23e5e38cebdf49|bangga
619112b2db23e5e38cebdf4b|tumbuh
619112b2db23e5e38cebdf4d|mengalahkan
619112b2db23e5e38cebdf4f|luka
619112b2db23e5e38cebdf51|sesuai
619112b3db23e5e38cebdf53|harapan
619112b3db23e5e38cebdf55|jiwa
619112b3db23e5e38cebdf57|lahir
619112b3db23e5e38cebdf59|memastikan
619112b3db23e5e38cebdf5b|tujuh
619112b4db23e5e38cebdf5d|lubang
619112b4db23e5e38cebdf5f|keputusan
619112b4db23e5e38cebdf61|lelah
619112b4db23e5e38cebdf63|pengacara
619112b4db23e5e38cebdf65|kerajaan
619112b5db23e5e38cebdf67|kelihatannya
619112b5db23e5e38cebdf69|berhubungan
619112b5db23e5e38cebdf6b|suami
619112b5db23e5e38cebdf6d|terkenal
619112b5db23e5e38cebdf6f|ampun
619112b6db23e5e38cebdf71|ratu
619112b6db23e5e38cebdf73|kelihatan
619112b6db23e5e38cebdf75|bermaksud
619112b6db23e5e38cebdf77|dewasa
619112b6db23e5e38cebdf79|bunga
619112b7db23e5e38cebdf7b|malu
619112b7db23e5e38cebdf7d|kilometer
619112b7db23e5e38cebdf7f|mengeluarkan
619112b7db23e5e38cebdf81|tersisa
619112b7db23e5e38cebdf83|tewas
619112b8db23e5e38cebdf85|pedang
619112b8db23e5e38cebdf87|jawaban
619112b8db23e5e38cebdf89|membangun
619112b8db23e5e38cebdf8b|kedengarannya
619112b9db23e5e38cebdf8d|aturan
619112b9db23e5e38cebdf8f|kacau
619112b9db23e5e38cebdf91|sepuluh
619112b9db23e5e38cebdf93|truk
619112b9db23e5e38cebdf95|langkah
619112badb23e5e38cebdf97|satunya
619112badb23e5e38cebdf99|awas
619112badb23e5e38cebdf9b|baju
619112badb23e5e38cebdf9d|berharga
619112badb23e5e38cebdf9f|hasil
619112bbdb23e5e38cebdfa1|hewan
619112bbdb23e5e38cebdfa3|hancur
619112bbdb23e5e38cebdfa5|sungai
619112bbdb23e5e38cebdfa7|latihan
619112bbdb23e5e38cebdfa9|titik
619112bcdb23e5e38cebdfab|bertarung
619112bcdb23e5e38cebdfad|menyimpan
619112bcdb23e5e38cebdfaf|berteriak
619112bcdb23e5e38cebdfb1|jendela
619112bcdb23e5e38cebdfb3|mencapai
619112bddb23e5e38cebdfb5|tindakan
619112bddb23e5e38cebdfb7|Jepang
619112bddb23e5e38cebdfb9|mulut
619112bddb23e5e38cebdfbb|lemah
619112bddb23e5e38cebdfbd|tamu
619112bedb23e5e38cebdfbf|semalam
619112bedb23e5e38cebdfc1|bahan
619112bedb23e5e38cebdfc3|mengejar
619112bedb23e5e38cebdfc5|memegang
619112bedb23e5e38cebdfc7|situ
619112bfdb23e5e38cebdfc9|macam
619112bfdb23e5e38cebdfcb|sederhana
619112bfdb23e5e38cebdfcd|kotoran
619112bfdb23e5e38cebdfcf|adil
619112bfdb23e5e38cebdfd1|menari
619112c0db23e5e38cebdfd3|seks
619112c0db23e5e38cebdfd5|menemui
619112c0db23e5e38cebdfd7|menolak
619112c0db23e5e38cebdfd9|bertindak
619112c0db23e5e38cebdfdb|komputer
619112c1db23e5e38cebdfdd|memotong
619112c1db23e5e38cebdfdf|kode
619112c1db23e5e38cebdfe1|habis
619112c1db23e5e38cebdfe3|lampu
619112c1db23e5e38cebdfe5|pertandingan
619112c2db23e5e38cebdfe7|ketiga
619112c2db23e5e38cebdfe9|pangeran
619112c2db23e5e38cebdfeb|Belanda
619112c2db23e5e38cebdfed|militer
619112c2db23e5e38cebdfef|radio
619112c3db23e5e38cebdff1|terserah
619112c3db23e5e38cebdff3|bersih
619112c3db23e5e38cebdff5|merusak
619112c3db23e5e38cebdff7|kesepakatan
619112c4db23e5e38cebdff9|palsu
619112c4db23e5e38cebdffb|tas
619112c4db23e5e38cebdffd|berbuat
619112c4db23e5e38cebdfff|harga
619112c4db23e5e38cebe001|angin
619112c5db23e5e38cebe003|menikmati
619112c5db23e5e38cebe005|maksudnya
619112c5db23e5e38cebe007|putus
619112c5db23e5e38cebe009|kotor
619112c5db23e5e38cebe00b|memperhatikan
619112c6db23e5e38cebe00d|bersembunyi
619112c6db23e5e38cebe00f|pemimpin
619112c6db23e5e38cebe011|pengadilan
619112c6db23e5e38cebe013|seekor
619112c6db23e5e38cebe015|pantai
619112c7db23e5e38cebe017|biru
619112c7db23e5e38cebe019|tingkat
619112c7db23e5e38cebe01b|pulau
619112c7db23e5e38cebe01d|konyol
619112c7db23e5e38cebe01f|negeri
619112c8db23e5e38cebe021|ih
619112c8db23e5e38cebe023|hujan
619112c8db23e5e38cebe025|kue
619112c8db23e5e38cebe027|menghadapi
619112c8db23e5e38cebe029|lokasi
619112c9db23e5e38cebe02b|dinding
619112c9db23e5e38cebe02d|timur
619112c9db23e5e38cebe02f|membayangkan
619112c9db23e5e38cebe031|gunung
619112c9db23e5e38cebe033|terjebak
619112cadb23e5e38cebe035|termasuk
619112cadb23e5e38cebe037|kisah
619112cadb23e5e38cebe039|perubahan
619112cadb23e5e38cebe03b|menyentuh
619112cadb23e5e38cebe03d|cepatlah
619112cbdb23e5e38cebe03f|berjuang
619112cbdb23e5e38cebe041|menderita
619112cbdb23e5e38cebe043|kursi
619112cbdb23e5e38cebe045|pisau
619112cbdb23e5e38cebe047|meletakkan
619112ccdb23e5e38cebe049|langit
619112ccdb23e5e38cebe04b|bar
619112ccdb23e5e38cebe04d|mirip
619112ccdb23e5e38cebe04f|kucing
619112ccdb23e5e38cebe051|seminggu
619112cddb23e5e38cebe053|menjalankan
619112cddb23e5e38cebe055|jantung
619112cddb23e5e38cebe057|warna
619112cddb23e5e38cebe059|barat
619112cddb23e5e38cebe05b|kehormatan
619112cedb23e5e38cebe05d|warga
619112cedb23e5e38cebe05f|kelompok
619112cedb23e5e38cebe061|jumlah
619112cedb23e5e38cebe063|sedih
619112cfdb23e5e38cebe065|gigi
619112cfdb23e5e38cebe067|Rusia
619112cfdb23e5e38cebe069|menyedihkan
619112cfdb23e5e38cebe06b|garis
619112cfdb23e5e38cebe06d|pihak
619112d0db23e5e38cebe06f|menangani
619112d0db23e5e38cebe071|ayam
619112d0db23e5e38cebe073|terbakar
619112d0db23e5e38cebe075|menyebabkan
619112d0db23e5e38cebe077|asli
619112d1db23e5e38cebe079|memimpin
619112d1db23e5e38cebe07b|tukang
619112d1db23e5e38cebe07d|umum
619112d1db23e5e38cebe07f|jari
619112d1db23e5e38cebe081|menyakiti
619112d2db23e5e38cebe083|sehat
619112d2db23e5e38cebe085|melanjutkan
619112d2db23e5e38cebe087|mesjid
619112d2db23e5e38cebe089|menakjubkan
619112d2db23e5e38cebe08b|surga
619112d3db23e5e38cebe08d|tidak usah
619112d3db23e5e38cebe08f|sisa
619112d3db23e5e38cebe091|delapan
619112d3db23e5e38cebe093|persis
619112d3db23e5e38cebe095|menciptakan
619112d4db23e5e38cebe097|mengatur
619112d4db23e5e38cebe099|tulang
619112d4db23e5e38cebe09b|gereja
619112d4db23e5e38cebe09d|penyakit
619112d4db23e5e38cebe09f|pemain
619112d5db23e5e38cebe0a1|pertempuran
619112d5db23e5e38cebe0a3|petunjuk
619112d5db23e5e38cebe0a5|lelaki
619112d5db23e5e38cebe0a7|bir
619112d5db23e5e38cebe0a9|membersihkan
619112d6db23e5e38cebe0ab|listrik
619112d6db23e5e38cebe0ad|pasangan
619112d6db23e5e38cebe0af|ketua
619112d6db23e5e38cebe0b1|santai
619112d6db23e5e38cebe0b3|jelek
619112d7db23e5e38cebe0b5|darurat
619112d7db23e5e38cebe0b7|menjauh
619112d7db23e5e38cebe0b9|membuang
619112d7db23e5e38cebe0bb|kejutan
619112d7db23e5e38cebe0bd|ribu
619112d8db23e5e38cebe0bf|supaya
619112d8db23e5e38cebe0c1|bentuk
619112d8db23e5e38cebe0c3|desa
619112d8db23e5e38cebe0c5|babi
619112d8db23e5e38cebe0c7|kebanyakan
619112d9db23e5e38cebe0c9|celana
619112d9db23e5e38cebe0cb|suruh
619112d9db23e5e38cebe0cd|halaman
619112d9db23e5e38cebe0cf|betul
619112d9db23e5e38cebe0d1|kencan
619112dadb23e5e38cebe0d3|stasiun
619112dadb23e5e38cebe0d5|melepaskan
619112dadb23e5e38cebe0d7|rendah
619112dadb23e5e38cebe0d9|adik
619112dbdb23e5e38cebe0db|melompat
619112dbdb23e5e38cebe0dd|mengurus
619112dbdb23e5e38cebe0df|kakek
619112dbdb23e5e38cebe0e1|kena
619112dbdb23e5e38cebe0e3|menakutki
619112dcdb23e5e38cebe0e5|jalur
619112dcdb23e5e38cebe0e7|klub
619112dcdb23e5e38cebe0e9|tikus
619112dcdb23e5e38cebe0eb|taman
619112dcdb23e5e38cebe0ed|lepas
619112dddb23e5e38cebe0ef|sore
619112dddb23e5e38cebe0f1|memperbaiki
619112dddb23e5e38cebe0f3|teh
619112dddb23e5e38cebe0f5|tes
619112dddb23e5e38cebe0f7|tampan
619112dedb23e5e38cebe0f9|wah
619112dedb23e5e38cebe0fb|kemampuan
619112dedb23e5e38cebe0fd|buah
619112dedb23e5e38cebe0ff|fokus
619112dedb23e5e38cebe101|lelucon
619112dfdb23e5e38cebe103|mengucapkan
619112dfdb23e5e38cebe105|kondisi
619112dfdb23e5e38cebe107|wilayah
619112dfdb23e5e38cebe109|lapangan
619112dfdb23e5e38cebe10b|mantan
619112e0db23e5e38cebe10d|bakar
619112e0db23e5e38cebe10f|tergantung
619112e0db23e5e38cebe111|bersiap
619112e0db23e5e38cebe113|masyarakat
619112e0db23e5e38cebe115|guna
619112e1db23e5e38cebe117|menyebutkan
619112e1db23e5e38cebe119|seni
619112e1db23e5e38cebe11b|terkejut
619112e1db23e5e38cebe11d|penerbangan
619112e1db23e5e38cebe11f|nyawa
619112e2db23e5e38cebe121|berdoa
619112e2db23e5e38cebe123|anggur
619112e2db23e5e38cebe125|permintaan
619112e2db23e5e38cebe127|terkadang
619112e2db23e5e38cebe129|seksi
619112e3db23e5e38cebe12b|bibi
619112e3db23e5e38cebe12d|sumber
619112e3db23e5e38cebe12f|tangga
619112e3db23e5e38cebe131|tanggal
619112e3db23e5e38cebe133|kesulitan
619112e4db23e5e38cebe135|suci
619112e4db23e5e38cebe137|kasar
619112e4db23e5e38cebe139|pencuri
619112e4db23e5e38cebe13b|walaupun
619112e4db23e5e38cebe13d|mencium
619112e5db23e5e38cebe13f|biaya
619112e5db23e5e38cebe141|kebetulan
619112e5db23e5e38cebe143|sejati
619112e5db23e5e38cebe145|sinyal
619112e5db23e5e38cebe147|menghargai
619112e6db23e5e38cebe149|program
619112e6db23e5e38cebe14b|menyembunyikan
619112e6db23e5e38cebe14d|perahu
619112e6db23e5e38cebe14f|parah
619112e7db23e5e38cebe151|gerbang
619112e7db23e5e38cebe153|sihir
619112e7db23e5e38cebe155|tiket
619112e7db23e5e38cebe157|menganggap
619112e7db23e5e38cebe159|puluh
619112e8db23e5e38cebe15b|pertunjukan
619112e8db23e5e38cebe15d|narkoba
619112e8db23e5e38cebe15f|membuktikan
619112e8db23e5e38cebe161|hijau
619112e8db23e5e38cebe163|jarak
619112e9db23e5e38cebe165|malah
619112e9db23e5e38cebe167|semangat
619112e9db23e5e38cebe169|melanggar
619112e9db23e5e38cebe16b|badai
619112e9db23e5e38cebe16d|cerdas
619112eadb23e5e38cebe16f|kertas
619112eadb23e5e38cebe171|hormat
619112eadb23e5e38cebe173|energi
619112eadb23e5e38cebe175|bersikap
619112eadb23e5e38cebe177|isi
619112ebdb23e5e38cebe179|tekanan
619112ebdb23e5e38cebe17b|memalukan
619112ebdb23e5e38cebe17d|sudut
619112ebdb23e5e38cebe17f|Perancis
6191133edb23e5e38cebe181|putra
6191133edb23e5e38cebe183|data
6191133edb23e5e38cebe185|bocah
6191133edb23e5e38cebe187|mengagumkan
619117a9db23e5e38cebe189|mustahil
619117aadb23e5e38cebe18b|kejam
619117abdb23e5e38cebe18d|roti
619117acdb23e5e38cebe18f|terutama
619117addb23e5e38cebe191|istimewa
619117aedb23e5e38cebe193|mahal
619117afdb23e5e38cebe195|menjatuhkan
619117b0db23e5e38cebe197|kecepatan
619117b1db23e5e38cebe199|pelajaran
619117b2db23e5e38cebe19b|cincin
619117b3db23e5e38cebe19d|mengemudikan
619117b4db23e5e38cebe19f|lengkap
619117b5db23e5e38cebe1a1|pertarungan
619117b6db23e5e38cebe1a3|sayangnya
619117b7db23e5e38cebe1a5|dikenal
619117b8db23e5e38cebe1a7|tertangkap
619117b9db23e5e38cebe1a9|hakim
619117badb23e5e38cebe1ab|menyebalkan
619117bbdb23e5e38cebe1ad|bangunan
619117bcdb23e5e38cebe1af|mengawasi
619117bddb23e5e38cebe1b1|sengaja
619117bedb23e5e38cebe1b3|Cina
619117bfdb23e5e38cebe1b5|ponsel
619117c0db23e5e38cebe1b7|istana
619117c1db23e5e38cebe1b9|mematikan
619117c2db23e5e38cebe1bb|keberuntungan
619117c3db23e5e38cebe1bd|daya
619117c4db23e5e38cebe1bf|kebakaran
619117c5db23e5e38cebe1c1|sepenuhnya
619117c6db23e5e38cebe1c3|menanyakan
619117c7db23e5e38cebe1c5|kendali
619117c8db23e5e38cebe1c7|kenyataan
619117c9db23e5e38cebe1c9|sebanyak
619117cadb23e5e38cebe1cb|restoran
619117cbdb23e5e38cebe1cd|pekan
619117ccdb23e5e38cebe1cf|hamil
619117cddb23e5e38cebe1d1|pasien
619117cedb23e5e38cebe1d3|roh
619117cfdb23e5e38cebe1d5|kegelapan
619117d0db23e5e38cebe1d7|taruh
619117d1db23e5e38cebe1d9|tolong
619117d2db23e5e38cebe1db|cewek
619117d3db23e5e38cebe1dd|cowok
619117d4db23e5e38cebe1df|kegiatan
619117d5db23e5e38cebe1e1|gampang?
619117d6db23e5e38cebe1e3|sulit/susah?
619117d7db23e5e38cebe1e5|nike
619117d8db23e5e38cebe1e7|misalnya
619117d9db23e5e38cebe1e9|hangat
619117dadb23e5e38cebe1eb|contoh / contohnya
619117dbdb23e5e38cebe1ed|cuci
619117dcdb23e5e38cebe1ef|akhir pekan
619117dddb23e5e38cebe1f1|perlu
619117dedb23e5e38cebe1f3|makan malam
619117dfdb23e5e38cebe1f5|ganteng
