running 0
619117a9db23e5e38cebe189|mustahil
running 1
619117aadb23e5e38cebe18b|kejam
running 2
619117abdb23e5e38cebe18d|roti
running 3
619117acdb23e5e38cebe18f|terutama
running 4
619117addb23e5e38cebe191|istimewa
running 5
619117aedb23e5e38cebe193|mahal
running 6
619117afdb23e5e38cebe195|menjatuhkan
running 7
619117b0db23e5e38cebe197|kecepatan
running 8
619117b1db23e5e38cebe199|pelajaran
running 9
619117b2db23e5e38cebe19b|cincin
running 10
619117b3db23e5e38cebe19d|mengemudikan
running 11
619117b4db23e5e38cebe19f|lengkap
running 12
619117b5db23e5e38cebe1a1|pertarungan
running 13
619117b6db23e5e38cebe1a3|sayangnya
running 14
619117b7db23e5e38cebe1a5|dikenal
running 15
619117b8db23e5e38cebe1a7|tertangkap
running 16
619117b9db23e5e38cebe1a9|hakim
running 17
619117badb23e5e38cebe1ab|menyebalkan
running 18
619117bbdb23e5e38cebe1ad|bangunan
running 19
619117bcdb23e5e38cebe1af|mengawasi
running 20
619117bddb23e5e38cebe1b1|sengaja
running 21
619117bedb23e5e38cebe1b3|Cina
running 22
619117bfdb23e5e38cebe1b5|ponsel
running 23
619117c0db23e5e38cebe1b7|istana
running 24
619117c1db23e5e38cebe1b9|mematikan
running 25
619117c2db23e5e38cebe1bb|keberuntungan
running 26
619117c3db23e5e38cebe1bd|daya
running 27
619117c4db23e5e38cebe1bf|kebakaran
running 28
619117c5db23e5e38cebe1c1|sepenuhnya
running 29
running 30
619117c6db23e5e38cebe1c3|menanyakan
619117c7db23e5e38cebe1c5|kendali
running 31
619117c8db23e5e38cebe1c7|kenyataan
running 32
619117c9db23e5e38cebe1c9|sebanyak
running 33
619117cadb23e5e38cebe1cb|restoran
running 34
619117cbdb23e5e38cebe1cd|pekan
running 35
619117ccdb23e5e38cebe1cf|hamil
running 36
619117cddb23e5e38cebe1d1|pasien
running 37
619117cedb23e5e38cebe1d3|roh
running 38
619117cfdb23e5e38cebe1d5|kegelapan
running 39
619117d0db23e5e38cebe1d7|taruh
running 40
619117d1db23e5e38cebe1d9|tolong
running 41
619117d2db23e5e38cebe1db|cewek
running 42
619117d3db23e5e38cebe1dd|cowok
running 43
619117d4db23e5e38cebe1df|kegiatan
running 44
619117d5db23e5e38cebe1e1|gampang?
running 45
619117d6db23e5e38cebe1e3|sulit/susah?
running 46
619117d7db23e5e38cebe1e5|nike
running 47
619117d8db23e5e38cebe1e7|misalnya
running 48
619117d9db23e5e38cebe1e9|hangat
running 49
619117dadb23e5e38cebe1eb|contoh / contohnya
running 50
619117dbdb23e5e38cebe1ed|cuci
running 51
619117dcdb23e5e38cebe1ef|akhir pekan
running 52
619117dddb23e5e38cebe1f1|perlu
running 53
running 54
619117dedb23e5e38cebe1f3|makan malam
619117dfdb23e5e38cebe1f5|ganteng
