running 0
running 1
running 2
61911220db23e5e38cebd9b9|aku
61911221db23e5e38cebd9bb|kamu
running 3
61911221db23e5e38cebd9bd|yang
running 4
61911221db23e5e38cebd9bf|tidak
running 5
61911221db23e5e38cebd9c1|ini
running 6
61911221db23e5e38cebd9c3|itu
running 7
61911222db23e5e38cebd9c5|dan
running 8
61911222db23e5e38cebd9c7|di
running 9
61911222db23e5e38cebd9c9|dia
running 10
61911222db23e5e38cebd9cb|akan
running 11
61911222db23e5e38cebd9cd|apa
running 12
61911223db23e5e38cebd9cf|kita
running 13
61911223db23e5e38cebd9d1|untuk
running 14
running 15
61911223db23e5e38cebd9d3|anda
61911223db23e5e38cebd9d5|bisa
running 16
61911223db23e5e38cebd9d7|ada
running 17
61911224db23e5e38cebd9d9|mereka
running 18
61911224db23e5e38cebd9db|saya
running 19
61911224db23e5e38cebd9dd|tahu
running 20
61911224db23e5e38cebd9df|dengan
running 21
61911224db23e5e38cebd9e1|dari
running 22
61911225db23e5e38cebd9e3|ya
running 23
running 24
61911225db23e5e38cebd9e5|kami
61911225db23e5e38cebd9e7|tapi
running 25
61911225db23e5e38cebd9e9|ke
running 26
61911225db23e5e38cebd9eb|harus
running 27
61911226db23e5e38cebd9ed|sudah
running 28
61911226db23e5e38cebd9ef|adalah
running 29
61911226db23e5e38cebd9f1|orang
running 30
61911226db23e5e38cebd9f3|saja
running 31
61911226db23e5e38cebd9f5|ingin
running 32
61911227db23e5e38cebd9f7|seperti
running 33
61911227db23e5e38cebd9f9|pergi
running 34
61911227db23e5e38cebd9fb|jika
running 35
61911227db23e5e38cebd9fd|hanya
running 36
61911227db23e5e38cebd9ff|sini
running 37
61911228db23e5e38cebda01|sekarang
running 38
61911228db23e5e38cebda03|semua
running 39
61911228db23e5e38cebda05|dalam
running 40
61911228db23e5e38cebda07|jadi
running 41
61911228db23e5e38cebda09|baik
running 42
61911229db23e5e38cebda0b|bukan
running 43
61911229db23e5e38cebda0d|jangan
running 44
61911229db23e5e38cebda0f|bagaimana
running 45
61911229db23e5e38cebda11|punya
running 46
6191122adb23e5e38cebda13|lagi
running 47
6191122adb23e5e38cebda15|lebih
running 48
6191122adb23e5e38cebda17|pada
running 49
running 50
6191122adb23e5e38cebda19|mungkin
6191122adb23e5e38cebda1b|melakukan
running 51
6191122bdb23e5e38cebda1d|kalian
running 52
6191122bdb23e5e38cebda1f|sangat
running 53
6191122bdb23e5e38cebda21|karena
running 54
6191122bdb23e5e38cebda23|satu
running 55
6191122bdb23e5e38cebda25|pernah
running 56
6191122cdb23e5e38cebda27|mau
running 57
6191122cdb23e5e38cebda29|telah
running 58
6191122cdb23e5e38cebda2b|ayo
running 59
6191122cdb23e5e38cebda2d|siapa
running 60
6191122cdb23e5e38cebda2f|juga
running 61
6191122ddb23e5e38cebda31|hal
running 62
6191122ddb23e5e38cebda33|kembali
running 63
6191122ddb23e5e38cebda35|datang
running 64
6191122ddb23e5e38cebda37|atau
running 65
running 66
6191122ddb23e5e38cebda39|hari
6191122edb23e5e38cebda3b|sesuatu
running 67
6191122edb23e5e38cebda3d|kasih
running 68
6191122edb23e5e38cebda3f|melihat
running 69
6191122edb23e5e38cebda41|banyak
running 70
6191122edb23e5e38cebda43|saat
running 71
6191122fdb23e5e38cebda45|benar
running 72
6191122fdb23e5e38cebda47|terima kasih
running 73
6191122fdb23e5e38cebda49|begitu
running 74
6191122fdb23e5e38cebda4b|tentang
running 75
6191122fdb23e5e38cebda4d|terjadi
running 76
61911230db23e5e38cebda4f|bahwa
running 77
61911230db23e5e38cebda51|menjadi
running 78
61911230db23e5e38cebda53|kenapa
running 79
61911230db23e5e38cebda55|seorang
running 80
61911230db23e5e38cebda57|bagus
running 81
61911231db23e5e38cebda59|bilang
running 82
61911231db23e5e38cebda5b|masih
running 83
61911231db23e5e38cebda5d|oke
running 84
61911231db23e5e38cebda5f|sana
running 85
61911231db23e5e38cebda61|kalau
running 86
61911232db23e5e38cebda63|keluar
running 87
61911232db23e5e38cebda65|mana
running 88
61911232db23e5e38cebda67|lain
running 89
61911232db23e5e38cebda69|waktu
running 90
61911232db23e5e38cebda6b|malam
running 91
61911233db23e5e38cebda6d|tempat
running 92
61911233db23e5e38cebda6f|mati
running 93
running 94
61911233db23e5e38cebda71|lalu
running 95
61911233db23e5e38cebda73|maaf
running 96
61911234db23e5e38cebda75|dapat
61911234db23e5e38cebda77|membuat
running 97
61911234db23e5e38cebda79|memiliki
running 98
61911234db23e5e38cebda7b|anak
running 99
61911234db23e5e38cebda7d|tahun
running 100
61911235db23e5e38cebda7f|sedang
running 101
61911235db23e5e38cebda81|sampai
running 102
61911235db23e5e38cebda83|mengapa
running 103
61911235db23e5e38cebda85|beberapa
running 104
61911235db23e5e38cebda87|sekali
running 105
61911236db23e5e38cebda89|baru
running 106
61911236db23e5e38cebda8b|mengatakan
running 107
61911236db23e5e38cebda8d|sendiri
running 108
61911236db23e5e38cebda8f|sebuah
running 109
61911236db23e5e38cebda91|ayah
running 110
61911237db23e5e38cebda93|menunggu
running 111
61911237db23e5e38cebda95|hidup
running 112
61911237db23e5e38cebda97|memerlukan
running 113
61911237db23e5e38cebda99|ketika
running 114
61911237db23e5e38cebda9b|salah
running 115
61911238db23e5e38cebda9d|cepat
running 116
61911238db23e5e38cebda9f|sama
running 117
61911238db23e5e38cebdaa1|besar
running 118
61911238db23e5e38cebdaa3|masuk
running 119
61911238db23e5e38cebdaa5|semuanya
running 120
61911239db23e5e38cebdaa7|mendengar
running 121
61911239db23e5e38cebdaa9|rumah
running 122
61911239db23e5e38cebdaab|pikir
running 123
61911239db23e5e38cebdaad|dua
running 124
61911239db23e5e38cebdaaf|tuhan
running 125
6191123adb23e5e38cebdab1|masalah
running 126
6191123adb23e5e38cebdab3|selamat
running 127
6191123adb23e5e38cebdab5|tentu
running 128
6191123adb23e5e38cebdab7|pasti
running 129
6191123adb23e5e38cebdab9|belum
running 130
6191123bdb23e5e38cebdabb|bapak
running 131
6191123bdb23e5e38cebdabd|berbicara
running 132
6191123bdb23e5e38cebdabf|suka
running 133
running 134
6191123bdb23e5e38cebdac1|cukup
6191123bdb23e5e38cebdac3|selalu
running 135
6191123cdb23e5e38cebdac5|pria
running 136
6191123cdb23e5e38cebdac7|seseorang
running 137
6191123cdb23e5e38cebdac9|mengerti
running 138
6191123cdb23e5e38cebdacb|sedikit
running 139
6191123cdb23e5e38cebdacd|ibu
running 140
6191123ddb23e5e38cebdacf|berada
running 141
6191123ddb23e5e38cebdad1|atas
running 142
6191123ddb23e5e38cebdad3|setelah
running 143
6191123ddb23e5e38cebdad5|menolong
running 144
6191123edb23e5e38cebdad7|tinggal
running 145
6191123edb23e5e38cebdad9|sayang
running 146
6191123edb23e5e38cebdadb|menemukan
running 147
6191123edb23e5e38cebdadd|bahkan
running 148
6191123edb23e5e38cebdadf|percaya
running 149
6191123fdb23e5e38cebdae1|jalan
running 150
6191123fdb23e5e38cebdae3|bertemu
running 151
6191123fdb23e5e38cebdae5|bekerja
running 152
6191123fdb23e5e38cebdae7|lama
running 153
6191123fdb23e5e38cebdae9|terlalu
running 154
61911240db23e5e38cebdaeb|makan
running 155
61911240db23e5e38cebdaed|wanita
running 156
61911240db23e5e38cebdaef|mari
running 157
61911240db23e5e38cebdaf1|kecil
running 158
61911240db23e5e38cebdaf3|kali
running 159
61911241db23e5e38cebdaf5|tetap
running 160
61911241db23e5e38cebdaf7|setiap
running 161
61911241db23e5e38cebdaf9|sebagai
running 162
61911241db23e5e38cebdafb|oleh
running 163
61911241db23e5e38cebdafd|berhenti
running 164
61911242db23e5e38cebdaff|yakin
running 165
61911242db23e5e38cebdb01|membunuh
running 166
61911242db23e5e38cebdb03|luar
running 167
61911242db23e5e38cebdb05|mengambil
running 168
61911242db23e5e38cebdb07|cara
running 169
61911243db23e5e38cebdb09|dunia
running 170
61911243db23e5e38cebdb0b|mulai
running 171
61911243db23e5e38cebdb0d|pertama
running 172
61911243db23e5e38cebdb0f|selama
running 173
61911243db23e5e38cebdb11|sebelum
running 174
61911244db23e5e38cebdb13|uang
running 175
61911244db23e5e38cebdb15|bersama
running 176
61911244db23e5e38cebdb17|teman
running 177
61911244db23e5e38cebdb19|boleh
running 178
61911244db23e5e38cebdb1b|senang
running 179
61911245db23e5e38cebdb1d|merasa
running 180
61911245db23e5e38cebdb1f|mencari
running 181
61911245db23e5e38cebdb21|gadis
running 182
61911245db23e5e38cebdb23|membutuhkan
running 183
61911245db23e5e38cebdb25|jam
running 184
61911246db23e5e38cebdb27|mencoba
running 185
61911246db23e5e38cebdb29|tanpa
running 186
61911246db23e5e38cebdb2b|dulu
running 187
61911246db23e5e38cebdb2d|polisi
running 188
61911246db23e5e38cebdb2f|buruk
running 189
61911247db23e5e38cebdb31|sebenarnya
running 190
61911247db23e5e38cebdb33|para
running 191
61911247db23e5e38cebdb35|berapa
running 192
61911247db23e5e38cebdb37|membawa
running 193
61911248db23e5e38cebdb39|kemudian
running 194
61911248db23e5e38cebdb3b|siap
running 195
61911248db23e5e38cebdb3d|ingat
running 196
61911248db23e5e38cebdb3f|sial
running 197
61911248db23e5e38cebdb41|membiarkan
running 198
61911249db23e5e38cebdb43|mobil
running 199
running 200
61911249db23e5e38cebdb45|takkan
61911249db23e5e38cebdb47|tuan
running 201
61911249db23e5e38cebdb49|tidur
running 202
61911249db23e5e38cebdb4b|gila
running 203
6191124adb23e5e38cebdb4d|maksud
running 204
running 205
6191124adb23e5e38cebdb4f|kepada
6191124adb23e5e38cebdb51|terus
running 206
6191124adb23e5e38cebdb53|pulang
running 207
6191124adb23e5e38cebdb55|segera
running 208
6191124bdb23e5e38cebdb57|kota
running 209
6191124bdb23e5e38cebdb59|sakit
running 210
6191124bdb23e5e38cebdb5b|nama
running 211
6191124bdb23e5e38cebdb5d|halo
running 212
6191124bdb23e5e38cebdb5f|takut
running 213
6191124cdb23e5e38cebdb61|pun
running 214
6191124cdb23e5e38cebdb63|sialan
running 215
running 216
6191124cdb23e5e38cebdb65|seharusnya
6191124cdb23e5e38cebdb67|memang
running 217
6191124cdb23e5e38cebdb69|terakhir
running 218
6191124ddb23e5e38cebdb6b|biasa
running 219
6191124ddb23e5e38cebdb6d|tiga
running 220
6191124ddb23e5e38cebdb6f|membantu
running 221
6191124ddb23e5e38cebdb71|terlihat
running 222
6191124ddb23e5e38cebdb73|depan
running 223
6191124edb23e5e38cebdb75|cinta
running 224
6191124edb23e5e38cebdb77|sebentar
running 225
6191124edb23e5e38cebdb79|minta
running 226
6191124edb23e5e38cebdb7b|bodoh
running 227
6191124edb23e5e38cebdb7d|bagian
running 228
6191124fdb23e5e38cebdb7f|manusia
running 229
6191124fdb23e5e38cebdb81|bawah
running 230
6191124fdb23e5e38cebdb83|berhasil
running 231
6191124fdb23e5e38cebdb85|tepat
running 232
6191124fdb23e5e38cebdb87|memberi
running 233
61911250db23e5e38cebdb89|rasa
running 234
61911250db23e5e38cebdb8b|air
running 235
61911250db23e5e38cebdb8d|sepertinya
running 236
61911250db23e5e38cebdb8f|pagi
running 237
61911250db23e5e38cebdb91|sungguh
running 238
61911251db23e5e38cebdb93|hebat
running 239
61911251db23e5e38cebdb95|bagi
running 240
61911251db23e5e38cebdb97|tangan
running 241
61911251db23e5e38cebdb99|pekerjaan
running 242
61911252db23e5e38cebdb9b|kehilangan
running 243
61911252db23e5e38cebdb9d|mengikuti
running 244
61911252db23e5e38cebdb9f|keluarga
running 245
61911252db23e5e38cebdba1|cuma
running 246
61911252db23e5e38cebdba3|nanti
running 247
61911253db23e5e38cebdba5|suatu
running 248
61911253db23e5e38cebdba7|tua
running 249
61911253db23e5e38cebdba9|bergerak
running 250
61911253db23e5e38cebdbab|paling
running 251
61911253db23e5e38cebdbad|tenang
running 252
61911254db23e5e38cebdbaf|jauh
running 253
61911254db23e5e38cebdbb1|masa
running 254
61911254db23e5e38cebdbb3|menit
running 255
61911254db23e5e38cebdbb5|meninggalkan
running 256
61911254db23e5e38cebdbb7|terbaik
running 257
61911255db23e5e38cebdbb9|peduli
running 258
61911255db23e5e38cebdbbb|penting
running 259
61911255db23e5e38cebdbbd|aneh
running 260
61911255db23e5e38cebdbbf|seluruh
running 261
61911255db23e5e38cebdbc1|menghentikan
running 262
61911256db23e5e38cebdbc3|selesai
running 263
61911256db23e5e38cebdbc5|tadi
running 264
61911256db23e5e38cebdbc7|duduk
running 265
61911256db23e5e38cebdbc9|kedua
running 266
61911256db23e5e38cebdbcb|bulan
running 267
61911257db23e5e38cebdbcd|senjata
running 268
61911257db23e5e38cebdbcf|besok
running 269
61911257db23e5e38cebdbd1|khawatir
running 270
61911257db23e5e38cebdbd3|kepala
running 271
61911257db23e5e38cebdbd5|minum
running 272
61911258db23e5e38cebdbd7|berarti
running 273
61911258db23e5e38cebdbd9|secara
running 274
61911258db23e5e38cebdbdb|pintu
running 275
61911258db23e5e38cebdbdd|hampir
running 276
61911258db23e5e38cebdbdf|sekolah
running 277
61911259db23e5e38cebdbe1|berjalan
running 278
61911259db23e5e38cebdbe3|diam
running 279
61911259db23e5e38cebdbe5|sebelumnya
running 280
61911259db23e5e38cebdbe7|aman
running 281
61911259db23e5e38cebdbe9|sekitar
running 282
6191125adb23e5e38cebdbeb|buat
running 283
6191125adb23e5e38cebdbed|kemari
running 284
6191125adb23e5e38cebdbef|sejak
running 285
6191125adb23e5e38cebdbf1|nah
running 286
6191125adb23e5e38cebdbf3|maka
running 287
6191125bdb23e5e38cebdbf5|bermain
running 288
6191125bdb23e5e38cebdbf7|menggunakan
running 289
6191125bdb23e5e38cebdbf9|astaga
running 290
6191125bdb23e5e38cebdbfb|cari
running 291
6191125cdb23e5e38cebdbfd|sulit
running 292
6191125cdb23e5e38cebdbff|dekat
running 293
6191125cdb23e5e38cebdc01|jatuh
running 294
6191125cdb23e5e38cebdc03|kapan
running 295
6191125cdb23e5e38cebdc05|memberitahu
running 296
6191125ddb23e5e38cebdc07|kesempatan
running 297
6191125ddb23e5e38cebdc09|cantik
running 298
6191125ddb23e5e38cebdc0b|benarkah
running 299
6191125ddb23e5e38cebdc0d|mudah
running 300
6191125ddb23e5e38cebdc0f|kawan
running 301
6191125edb23e5e38cebdc11|mendapatkan
running 302
6191125edb23e5e38cebdc13|menarik
running 303
6191125edb23e5e38cebdc15|soal
running 304
6191125edb23e5e38cebdc17|mata
running 305
6191125edb23e5e38cebdc19|berakhir
running 306
6191125fdb23e5e38cebdc1b|nya
running 307
6191125fdb23e5e38cebdc1d|hati
running 308
6191125fdb23e5e38cebdc1f|jelas
running 309
6191125fdb23e5e38cebdc21|akhirnya
running 310
running 311
6191125fdb23e5e38cebdc23|minggu
61911260db23e5e38cebdc25|tim
running 312
61911260db23e5e38cebdc27|indah
running 313
61911260db23e5e38cebdc29|alasan
running 314
61911260db23e5e38cebdc2b|bangun
running 315
61911260db23e5e38cebdc2d|keras
running 316
61911261db23e5e38cebdc2f|serius
running 317
61911261db23e5e38cebdc31|berubah
running 318
61911261db23e5e38cebdc33|menyenangkan
running 319
61911261db23e5e38cebdc35|kosong
running 320
61911261db23e5e38cebdc37|belakang
running 321
running 322
61911262db23e5e38cebdc39|dokter
61911262db23e5e38cebdc3b|agar
running 323
61911262db23e5e38cebdc3d|kuat
running 324
61911262db23e5e38cebdc3f|lari
running 325
61911262db23e5e38cebdc41|mendengarkan
running 326
61911263db23e5e38cebdc43|kamar
running 327
running 328
61911263db23e5e38cebdc45|kata
61911263db23e5e38cebdc47|Amerika
running 329
running 330
61911263db23e5e38cebdc49|berharap
61911263db23e5e38cebdc4b|bertanya
running 331
61911264db23e5e38cebdc4d|bajingan
running 332
61911264db23e5e38cebdc4f|berbeda
running 333
61911264db23e5e38cebdc51|hilang
running 334
61911264db23e5e38cebdc53|darah
running 335
61911265db23e5e38cebdc55|makanan
running 336
61911265db23e5e38cebdc57|menurut
running 337
61911265db23e5e38cebdc59|perang
running 338
61911265db23e5e38cebdc5b|bantuan
running 339
61911265db23e5e38cebdc5d|raja
running 340
61911266db23e5e38cebdc5f|demi
running 341
61911266db23e5e38cebdc61|kabar
running 342
61911266db23e5e38cebdc63|telepon
running 343
61911266db23e5e38cebdc65|kehidupan
running 344
61911266db23e5e38cebdc67|buku
running 345
61911267db23e5e38cebdc69|meninggal
running 346
61911267db23e5e38cebdc6b|ruang
running 347
61911267db23e5e38cebdc6d|daripada
running 348
61911267db23e5e38cebdc6f|turun
running 349
61911267db23e5e38cebdc71|lima
running 350
61911268db23e5e38cebdc73|kaki
running 351
61911268db23e5e38cebdc75|menyelamatkan
running 352
61911268db23e5e38cebdc77|melepaskan
running 353
61911268db23e5e38cebdc79|menuju
running 354
running 355
61911269db23e5e38cebdc7d|pertanyaan
running 356
61911269db23e5e38cebdc7f|suara
running 357
61911268db23e5e38cebdc7b|kapal
61911269db23e5e38cebdc81|anjing
running 358
61911269db23e5e38cebdc83|naik
running 359
61911269db23e5e38cebdc85|dasar
running 360
6191126adb23e5e38cebdc87|muda
running 361
6191126adb23e5e38cebdc89|permisi
running 362
6191126adb23e5e38cebdc8b|perjalanan
running 363
6191126adb23e5e38cebdc8d|kasus
running 364
6191126adb23e5e38cebdc8f|tinggi
running 365
6191126bdb23e5e38cebdc91|lupa
running 366
6191126bdb23e5e38cebdc93|marah
running 367
6191126bdb23e5e38cebdc95|menikah
running 368
running 369
6191126bdb23e5e38cebdc97|lewat
6191126bdb23e5e38cebdc99|ide
running 370
6191126cdb23e5e38cebdc9b|rencana
running 371
6191126cdb23e5e38cebdc9d|belajar
running 372
6191126cdb23e5e38cebdc9f|silakan
running 373
6191126cdb23e5e38cebdca1|penuh
running 374
6191126cdb23e5e38cebdca3|lucu
running 375
6191126ddb23e5e38cebdca5|negara
running 376
6191126ddb23e5e38cebdca7|berusaha
running 377
6191126ddb23e5e38cebdca9|berdiri
running 378
6191126ddb23e5e38cebdcab|cerita
running 379
6191126ddb23e5e38cebdcad|kecuali
running 380
6191126edb23e5e38cebdcaf|tanah
running 381
6191126edb23e5e38cebdcb1|kekuatan
running 382
6191126edb23e5e38cebdcb3|buka
running 383
6191126edb23e5e38cebdcb5|langsung
running 384
6191126fdb23e5e38cebdcb7|menang
running 385
6191126fdb23e5e38cebdcb9|antara
running 386
6191126fdb23e5e38cebdcbb|membicarakan
running 387
6191126fdb23e5e38cebdcbd|menunjukkan
running 388
running 389
6191126fdb23e5e38cebdcbf|bila
running 390
61911270db23e5e38cebdcc1|kematian
running 391
61911270db23e5e38cebdcc3|pesawat
61911270db23e5e38cebdcc5|Nona
running 392
61911270db23e5e38cebdcc7|melalui
running 393
61911270db23e5e38cebdcc9|sendirian
running 394
61911271db23e5e38cebdccb|melawan
running 395
61911271db23e5e38cebdccd|akhir
running 396
61911271db23e5e38cebdccf|menerima
running 397
61911271db23e5e38cebdcd1|rahasia
running 398
61911271db23e5e38cebdcd3|nomor
running 399
61911272db23e5e38cebdcd5|sepanjang
running 400
61911272db23e5e38cebdcd7|terlambat
running 401
61911272db23e5e38cebdcd9|api
running 402
61911272db23e5e38cebdcdb|pesta
running 403
61911272db23e5e38cebdcdd|memahami
running 404
61911273db23e5e38cebdcdf|artinya
running 405
61911273db23e5e38cebdce1|brengsek
running 406
61911273db23e5e38cebdce3|empat
running 407
61911273db23e5e38cebdce5|kira
running 408
61911273db23e5e38cebdce7|pilihan
running 409
running 410
61911274db23e5e38cebdceb|sementara
running 411
61911274db23e5e38cebdced|panas
running 412
61911274db23e5e38cebdce9|rasanya
61911274db23e5e38cebdcef|memilih
running 413
61911274db23e5e38cebdcf1|semakin
running 414
61911275db23e5e38cebdcf3|mulia
running 415
61911275db23e5e38cebdcf5|omong
running 416
61911275db23e5e38cebdcf7|film
running 417
61911275db23e5e38cebdcf9|tiba
running 418
61911275db23e5e38cebdcfb|menembak
running 419
61911276db23e5e38cebdcfd|bung
running 420
61911276db23e5e38cebdcff|memakai
running 421
61911276db23e5e38cebdd01|tampak
running 422
61911276db23e5e38cebdd03|segalanya
running 423
61911276db23e5e38cebdd05|membayar
running 424
61911277db23e5e38cebdd07|penjara
running 425
61911277db23e5e38cebdd09|kesalahan
running 426
61911277db23e5e38cebdd0b|sempurna
running 427
61911277db23e5e38cebdd0d|menahan
running 428
running 429
61911278db23e5e38cebdd0f|pesan
61911278db23e5e38cebdd11|perusahaan
running 430
61911278db23e5e38cebdd13|bercanda
running 431
61911278db23e5e38cebdd15|bayi
running 432
61911278db23e5e38cebdd17|bahagia
running 433
61911279db23e5e38cebdd19|nyata
running 434
61911279db23e5e38cebdd1b|mengenal
running 435
61911279db23e5e38cebdd1d|menjawab
running 436
61911279db23e5e38cebdd1f|tutup
running 437
running 438
61911279db23e5e38cebdd21|bahasa
running 439
6191127adb23e5e38cebdd25|keren
running 440
6191127adb23e5e38cebdd27|bertahan
running 441
6191127adb23e5e38cebdd23|semoga
6191127adb23e5e38cebdd29|muncul
running 442
6191127adb23e5e38cebdd2b|kantor
running 443
6191127bdb23e5e38cebdd2d|terbang
running 444
6191127bdb23e5e38cebdd2f|surat
running 445
6191127bdb23e5e38cebdd31|mundur
running 446
6191127bdb23e5e38cebdd33|mesin
running 447
6191127bdb23e5e38cebdd35|janji
running 448
6191127cdb23e5e38cebdd37|beruntung
running 449
6191127cdb23e5e38cebdd39|permainan
running 450
6191127cdb23e5e38cebdd3b|perintah
running 451
6191127cdb23e5e38cebdd3d|bumi
running 452
6191127cdb23e5e38cebdd3f|sebaiknya
running 453
6191127ddb23e5e38cebdd41|gue
running 454
6191127ddb23e5e38cebdd43|dingin
running 455
6191127ddb23e5e38cebdd45|setuju
running 456
6191127ddb23e5e38cebdd47|awal
running 457
6191127ddb23e5e38cebdd49|menjaga
running 458
6191127edb23e5e38cebdd4b|putri
running 459
6191127edb23e5e38cebdd4d|perempuan
running 460
6191127edb23e5e38cebdd4f|guru
running 461
6191127edb23e5e38cebdd51|mengulangi
running 462
6191127edb23e5e38cebdd53|berikutnya
running 463
6191127fdb23e5e38cebdd55|namun
running 464
6191127fdb23e5e38cebdd57|tampaknya
running 465
6191127fdb23e5e38cebdd59|setidaknya
running 466
6191127fdb23e5e38cebdd5b|semacam
running 467
6191127fdb23e5e38cebdd5d|sering
running 468
61911280db23e5e38cebdd5f|bisnis
running 469
61911280db23e5e38cebdd61|membeli
running 470
61911280db23e5e38cebdd63|menghancurkan
running 471
61911280db23e5e38cebdd65|segala
running 472
61911280db23e5e38cebdd67|tanda
running 473
61911281db23e5e38cebdd69|kelas
running 474
61911281db23e5e38cebdd6b|barang
running 475
61911281db23e5e38cebdd6d|membaca
running 476
61911281db23e5e38cebdd6f|berita
running 477
running 478
61911282db23e5e38cebdd71|sehingga
61911282db23e5e38cebdd73|laut
running 479
61911282db23e5e38cebdd75|kurang
running 480
61911282db23e5e38cebdd77|jahat
running 481
61911282db23e5e38cebdd79|menangkap
running 482
61911283db23e5e38cebdd7b|setengah
running 483
61911283db23e5e38cebdd7d|menelepon
running 484
61911283db23e5e38cebdd7f|pikiran
running 485
61911283db23e5e38cebdd81|mencuri
running 486
61911283db23e5e38cebdd83|menulis
running 487
61911284db23e5e38cebdd85|berbahaya
running 488
61911284db23e5e38cebdd87|mimpi
running 489
61911284db23e5e38cebdd89|tugas
running 490
61911284db23e5e38cebdd8b|benda
running 491
61911284db23e5e38cebdd8d|sang
running 492
61911285db23e5e38cebdd8f|siang
running 493
61911285db23e5e38cebdd91|tersebut
running 494
61911285db23e5e38cebdd93|meskipun
running 495
running 496
61911285db23e5e38cebdd95|hukum
61911285db23e5e38cebdd97|berani
running 497
61911286db23e5e38cebdd99|istri
running 498
61911286db23e5e38cebdd9b|saudara
running 499
61911286db23e5e38cebdd9d|hitam
running 500
61911286db23e5e38cebdd9f|menangis
running 501
61911286db23e5e38cebdda1|terluka
running 502
61911287db23e5e38cebdda3|manis
running 503
61911287db23e5e38cebdda5|kunci
running 504
61911287db23e5e38cebdda7|hubungan
running 505
61911287db23e5e38cebdda9|sebelah
running 506
61911287db23e5e38cebddab|juta
running 507
61911288db23e5e38cebddad|agak
running 508
61911288db23e5e38cebddaf|mengenai
running 509
61911288db23e5e38cebddb1|musim
running 510
61911288db23e5e38cebddb3|tubuh
running 511
61911288db23e5e38cebddb5|Inggris
running 512
61911289db23e5e38cebddb7|kereta
running 513
61911289db23e5e38cebddb9|enam
running 514
61911289db23e5e38cebddbb|sebabnya
running 515
61911289db23e5e38cebddbd|berbohong
running 516
61911289db23e5e38cebddbf|udara
running 517
6191128adb23e5e38cebddc1|menyesal
running 518
6191128adb23e5e38cebddc3|mengirim
running 519
6191128adb23e5e38cebddc5|mengerikan
running 520
6191128adb23e5e38cebddc7|putih
running 521
6191128adb23e5e38cebddc9|melindungi
running 522
6191128bdb23e5e38cebddcb|sisi
running 523
running 524
6191128bdb23e5e38cebddcd|hadiah
6191128bdb23e5e38cebddcf|arah
running 525
6191128bdb23e5e38cebddd1|merah
running 526
6191128bdb23e5e38cebddd3|memikirkan
running 527
6191128cdb23e5e38cebddd5|informasi
running 528
6191128cdb23e5e38cebddd7|lantai
running 529
6191128cdb23e5e38cebddd9|berat
running 530
6191128cdb23e5e38cebdddb|terhadap
running 531
6191128cdb23e5e38cebdddd|pindah
running 532
6191128ddb23e5e38cebdddf|bebas
running 533
6191128ddb23e5e38cebdde1|membenci
running 534
6191128ddb23e5e38cebdde3|presiden
running 535
6191128ddb23e5e38cebdde5|enak
running 536
6191128edb23e5e38cebdde7|betapa
running 537
6191128edb23e5e38cebdde9|kemarin
running 538
6191128edb23e5e38cebddeb|nyonya
running 539
6191128edb23e5e38cebdded|pribadi
running 540
6191128edb23e5e38cebddef|wajah
running 541
6191128fdb23e5e38cebddf1|selamanya
running 542
6191128fdb23e5e38cebddf3|obat
running 543
6191128fdb23e5e38cebddf5|bersalah
running 544
6191128fdb23e5e38cebddf7|memutuskan
running 545
6191128fdb23e5e38cebddf9|melewati
running 546
61911290db23e5e38cebddfb|saling
running 547
61911290db23e5e38cebddfd|lagu
running 548
running 549
61911290db23e5e38cebddff|menghilang
61911290db23e5e38cebde01|bergabung
running 550
61911290db23e5e38cebde03|paman
running 551
61911291db23e5e38cebde05|sistem
running 552
61911291db23e5e38cebde07|menghabiskan
running 553
61911291db23e5e38cebde09|memanggil
running 554
61911291db23e5e38cebde0b|kartu
running 555
61911291db23e5e38cebde0d|mengubah
running 556
running 557
61911292db23e5e38cebde0f|mampu
61911292db23e5e38cebde11|membuka
running 558
61911292db23e5e38cebde13|begini
running 559
61911292db23e5e38cebde15|pintar
running 560
61911292db23e5e38cebde17|hingga
running 561
61911293db23e5e38cebde19|selain
running 562
61911293db23e5e38cebde1b|lu
running 563
61911293db23e5e38cebde1d|milik
running 564
61911293db23e5e38cebde1f|kanan
running 565
61911293db23e5e38cebde21|mengalami
running 566
61911294db23e5e38cebde23|musik
running 567
61911294db23e5e38cebde25|jenis
running 568
61911294db23e5e38cebde27|berjanji
running 569
61911294db23e5e38cebde29|toko
running 570
61911294db23e5e38cebde2b|keadaan
running 571
61911295db23e5e38cebde2d|entah
running 572
61911295db23e5e38cebde2f|menyerang
running 573
61911295db23e5e38cebde31|keamanan
running 574
61911295db23e5e38cebde33|memeriksa
running 575
61911295db23e5e38cebde35|menyerah
running 576
61911296db23e5e38cebde37|sibuk
running 577
61911296db23e5e38cebde39|panjang
running 578
running 579
61911296db23e5e38cebde3b|bos
61911296db23e5e38cebde3d|batu
running 580
61911296db23e5e38cebde3f|pernikahan
running 581
61911297db23e5e38cebde41|pakaian
running 582
61911297db23e5e38cebde43|gagal
running 583
61911297db23e5e38cebde45|detik
running 584
61911297db23e5e38cebde47|tertawa
running 585
61911297db23e5e38cebde49|tentara
running 586
61911298db23e5e38cebde4b|jujur
running 587
61911298db23e5e38cebde4d|tengah
running 588
61911298db23e5e38cebde4f|sadar
running 589
61911298db23e5e38cebde51|mandi
running 590
61911299db23e5e38cebde53|biasanya
running 591
61911299db23e5e38cebde55|matahari
running 592
61911299db23e5e38cebde57|kiri
running 593
61911299db23e5e38cebde59|foto
running 594
61911299db23e5e38cebde5b|petugas
running 595
6191129adb23e5e38cebde5d|burung
running 596
6191129adb23e5e38cebde5f|anggota
running 597
6191129adb23e5e38cebde61|bintang
running 598
6191129adb23e5e38cebde63|akal
running 599
6191129adb23e5e38cebde65|ruangan
running 600
6191129bdb23e5e38cebde67|kecelakaan
running 601
6191129bdb23e5e38cebde69|hutan
running 602
6191129bdb23e5e38cebde6b|memukul
running 603
6191129bdb23e5e38cebde6d|makhluk
running 604
6191129bdb23e5e38cebde6f|seberapa
running 605
6191129cdb23e5e38cebde71|posisi
running 606
6191129cdb23e5e38cebde73|panggilan
running 607
running 608
6191129cdb23e5e38cebde75|nenek
running 609
6191129cdb23e5e38cebde79|terbuka
running 610
6191129ddb23e5e38cebde7b|mohon
running 611
6191129cdb23e5e38cebde77|khusus
6191129ddb23e5e38cebde7d|perasaan
running 612
6191129ddb23e5e38cebde7f|acara
running 613
6191129ddb23e5e38cebde81|utama
running 614
6191129ddb23e5e38cebde83|tertarik
running 615
6191129edb23e5e38cebde85|kamera
running 616
6191129edb23e5e38cebde87|cahaya
running 617
6191129edb23e5e38cebde89|menonton
running 618
6191129edb23e5e38cebde8b|tujuan
running 619
6191129edb23e5e38cebde8d|gak
running 620
6191129fdb23e5e38cebde8f|catatan
running 621
6191129fdb23e5e38cebde91|menggambar
running 622
6191129fdb23e5e38cebde93|mabuk
running 623
6191129fdb23e5e38cebde95|utara
running 624
6191129fdb23e5e38cebde97|kotak
running 625
619112a0db23e5e38cebde99|cocok
running 626
619112a0db23e5e38cebde9b|kabur
running 627
619112a0db23e5e38cebde9d|kalah
running 628
619112a0db23e5e38cebde9f|kini
running 629
619112a0db23e5e38cebdea1|perhatian
running 630
619112a1db23e5e38cebdea3|kuda
running 631
619112a1db23e5e38cebdea5|menyelesaikan
running 632
619112a1db23e5e38cebdea7|menjual
running 633
619112a1db23e5e38cebdea9|kakak
running 634
619112a1db23e5e38cebdeab|selanjutnya
running 635
619112a2db23e5e38cebdead|operasi
running 636
619112a2db23e5e38cebdeaf|masalahnya
running 637
619112a2db23e5e38cebdeb1|situasi
running 638
619112a2db23e5e38cebdeb3|dewa
running 639
619112a3db23e5e38cebdeb5|hak
running 640
619112a3db23e5e38cebdeb7|sejauh
running 641
619112a3db23e5e38cebdeb9|daging
running 642
619112a3db23e5e38cebdebb|kejahatan
running 643
619112a3db23e5e38cebdebd|bank
running 644
619112a4db23e5e38cebdebf|kulit
running 645
619112a4db23e5e38cebdec1|es
running 646
619112a4db23e5e38cebdec3|merupakan
running 647
619112a4db23e5e38cebdec5|hantu
running 648
619112a4db23e5e38cebdec7|ternyata
running 649
619112a5db23e5e38cebdec9|terlibat
running 650
619112a5db23e5e38cebdecb|kopi
running 651
619112a5db23e5e38cebdecd|penjaga
running 652
619112a5db23e5e38cebdecf|ahli
running 653
619112a5db23e5e38cebded1|melarikan
running 654
619112a6db23e5e38cebded3|gelap
running 655
619112a6db23e5e38cebded5|sampah
running 656
619112a6db23e5e38cebded7|bau
running 657
619112a6db23e5e38cebded9|emas
running 658
running 659
619112a6db23e5e38cebdedb|mengganggu
running 660
619112a7db23e5e38cebdedd|mengangkat
619112a7db23e5e38cebdedf|berguna
running 661
619112a7db23e5e38cebdee1|pantas
running 662
619112a7db23e5e38cebdee3|ketakutan
running 663
619112a7db23e5e38cebdee5|menceritakan
running 664
619112a8db23e5e38cebdee7|alam
running 665
619112a8db23e5e38cebdee9|menyadari
running 666
619112a8db23e5e38cebdeeb|pacar
running 667
619112a8db23e5e38cebdeed|bersumpah
running 668
619112a8db23e5e38cebdeef|istirahat
running 669
619112a9db23e5e38cebdef1|prajurit
running 670
619112a9db23e5e38cebdef3|gedung
running 671
619112a9db23e5e38cebdef5|pemerintah
running 672
619112a9db23e5e38cebdef7|pusat
running 673
619112a9db23e5e38cebdef9|daerah
running 674
619112aadb23e5e38cebdefb|bernama
running 675
619112aadb23e5e38cebdefd|kaya
running 676
619112aadb23e5e38cebdeff|pohon
running 677
619112aadb23e5e38cebdf01|alat
running 678
running 679
619112aadb23e5e38cebdf03|menempatkan
619112abdb23e5e38cebdf05|daftar
running 680
619112abdb23e5e38cebdf07|laporan
running 681
619112abdb23e5e38cebdf09|meja
running 682
619112abdb23e5e38cebdf0b|kemungkinan
running 683
619112abdb23e5e38cebdf0d|lapar
running 684
running 685
619112acdb23e5e38cebdf0f|hotel
619112acdb23e5e38cebdf11|nyaman
running 686
running 687
619112acdb23e5e38cebdf13|menghubungi
running 688
619112acdb23e5e38cebdf15|minuman
running 689
619112acdb23e5e38cebdf17|selatan
619112addb23e5e38cebdf19|pertemuan
running 690
619112addb23e5e38cebdf1b|bahaya
running 691
619112addb23e5e38cebdf1d|kejadian
running 692
619112addb23e5e38cebdf1f|maju
running 693
619112addb23e5e38cebdf21|asing
running 694
619112aedb23e5e38cebdf23|binatang
running 695
619112aedb23e5e38cebdf25|sobat
running 696
619112aedb23e5e38cebdf27|rambut
running 697
619112aedb23e5e38cebdf29|ikan
running 698
619112afdb23e5e38cebdf2b|menutup
running 699
619112afdb23e5e38cebdf2d|layak
running 700
619112afdb23e5e38cebdf2f|sebagian
running 701
619112afdb23e5e38cebdf31|sejarah
running 702
619112afdb23e5e38cebdf33|balik
running 703
619112b0db23e5e38cebdf35|sepatu
running 704
619112b0db23e5e38cebdf37|kebenaran
running 705
619112b0db23e5e38cebdf39|rusak
running 706
619112b0db23e5e38cebdf3b|berasal
running 707
619112b0db23e5e38cebdf3d|menjelaskan
running 708
619112b1db23e5e38cebdf3f|berangkat
running 709
619112b1db23e5e38cebdf41|otak
running 710
619112b1db23e5e38cebdf43|bercinta
running 711
619112b1db23e5e38cebdf45|normal
running 712
619112b1db23e5e38cebdf47|urusan
running 713
619112b2db23e5e38cebdf49|bangga
running 714
619112b2db23e5e38cebdf4b|tumbuh
running 715
619112b2db23e5e38cebdf4d|mengalahkan
running 716
619112b2db23e5e38cebdf4f|luka
running 717
619112b2db23e5e38cebdf51|sesuai
running 718
619112b3db23e5e38cebdf53|harapan
running 719
619112b3db23e5e38cebdf55|jiwa
running 720
619112b3db23e5e38cebdf57|lahir
running 721
619112b3db23e5e38cebdf59|memastikan
running 722
619112b3db23e5e38cebdf5b|tujuh
running 723
619112b4db23e5e38cebdf5d|lubang
running 724
619112b4db23e5e38cebdf5f|keputusan
running 725
619112b4db23e5e38cebdf61|lelah
running 726
619112b4db23e5e38cebdf63|pengacara
running 727
619112b4db23e5e38cebdf65|kerajaan
running 728
619112b5db23e5e38cebdf67|kelihatannya
running 729
619112b5db23e5e38cebdf69|berhubungan
running 730
619112b5db23e5e38cebdf6b|suami
running 731
619112b5db23e5e38cebdf6d|terkenal
running 732
619112b5db23e5e38cebdf6f|ampun
running 733
619112b6db23e5e38cebdf71|ratu
running 734
619112b6db23e5e38cebdf73|kelihatan
running 735
619112b6db23e5e38cebdf75|bermaksud
running 736
619112b6db23e5e38cebdf77|dewasa
running 737
619112b6db23e5e38cebdf79|bunga
running 738
619112b7db23e5e38cebdf7b|malu
running 739
619112b7db23e5e38cebdf7d|kilometer
running 740
619112b7db23e5e38cebdf7f|mengeluarkan
running 741
619112b7db23e5e38cebdf81|tersisa
running 742
619112b7db23e5e38cebdf83|tewas
running 743
619112b8db23e5e38cebdf85|pedang
running 744
619112b8db23e5e38cebdf87|jawaban
running 745
619112b8db23e5e38cebdf89|membangun
running 746
619112b8db23e5e38cebdf8b|kedengarannya
running 747
619112b9db23e5e38cebdf8d|aturan
running 748
running 749
619112b9db23e5e38cebdf8f|kacau
running 750
running 751
619112b9db23e5e38cebdf91|sepuluh
619112b9db23e5e38cebdf93|truk
619112b9db23e5e38cebdf95|langkah
running 752
running 753
619112badb23e5e38cebdf99|awas
619112badb23e5e38cebdf97|satunya
running 754
619112badb23e5e38cebdf9b|baju
running 755
running 756
619112badb23e5e38cebdf9d|berharga
619112badb23e5e38cebdf9f|hasil
running 757
619112bbdb23e5e38cebdfa1|hewan
running 758
619112bbdb23e5e38cebdfa3|hancur
running 759
running 760
619112bbdb23e5e38cebdfa5|sungai
running 761
619112bbdb23e5e38cebdfa7|latihan
619112bbdb23e5e38cebdfa9|titik
running 762
619112bcdb23e5e38cebdfab|bertarung
running 763
running 764
619112bcdb23e5e38cebdfad|menyimpan
619112bcdb23e5e38cebdfaf|berteriak
running 765
619112bcdb23e5e38cebdfb1|jendela
running 766
619112bcdb23e5e38cebdfb3|mencapai
running 767
619112bddb23e5e38cebdfb5|tindakan
running 768
619112bddb23e5e38cebdfb7|Jepang
running 769
running 770
619112bddb23e5e38cebdfbb|lemah
running 771
running 772
619112bddb23e5e38cebdfbd|tamu
619112bddb23e5e38cebdfb9|mulut
619112bedb23e5e38cebdfbf|semalam
running 773
619112bedb23e5e38cebdfc1|bahan
running 774
619112bedb23e5e38cebdfc3|mengejar
running 775
619112bedb23e5e38cebdfc5|memegang
running 776
619112bedb23e5e38cebdfc7|situ
running 777
running 778
619112bfdb23e5e38cebdfc9|macam
619112bfdb23e5e38cebdfcb|sederhana
running 779
619112bfdb23e5e38cebdfcd|kotoran
running 780
running 781
619112bfdb23e5e38cebdfcf|adil
running 782
619112bfdb23e5e38cebdfd1|menari
619112c0db23e5e38cebdfd3|seks
running 783
619112c0db23e5e38cebdfd5|menemui
running 784
619112c0db23e5e38cebdfd7|menolak
running 785
619112c0db23e5e38cebdfd9|bertindak
running 786
619112c0db23e5e38cebdfdb|komputer
running 787
619112c1db23e5e38cebdfdd|memotong
running 788
619112c1db23e5e38cebdfdf|kode
running 789
running 790
619112c1db23e5e38cebdfe1|habis
619112c1db23e5e38cebdfe3|lampu
running 791
619112c1db23e5e38cebdfe5|pertandingan
running 792
619112c2db23e5e38cebdfe7|ketiga
running 793
619112c2db23e5e38cebdfe9|pangeran
running 794
619112c2db23e5e38cebdfeb|Belanda
running 795
619112c2db23e5e38cebdfed|militer
running 796
619112c2db23e5e38cebdfef|radio
running 797
619112c3db23e5e38cebdff1|terserah
running 798
619112c3db23e5e38cebdff3|bersih
running 799
619112c3db23e5e38cebdff5|merusak
running 800
619112c3db23e5e38cebdff7|kesepakatan
running 801
619112c4db23e5e38cebdff9|palsu
running 802
619112c4db23e5e38cebdffb|tas
running 803
619112c4db23e5e38cebdffd|berbuat
running 804
619112c4db23e5e38cebdfff|harga
running 805
619112c4db23e5e38cebe001|angin
running 806
619112c5db23e5e38cebe003|menikmati
running 807
619112c5db23e5e38cebe005|maksudnya
running 808
619112c5db23e5e38cebe007|putus
running 809
619112c5db23e5e38cebe009|kotor
running 810
619112c5db23e5e38cebe00b|memperhatikan
running 811
619112c6db23e5e38cebe00d|bersembunyi
running 812
619112c6db23e5e38cebe00f|pemimpin
running 813
619112c6db23e5e38cebe011|pengadilan
running 814
running 815
619112c6db23e5e38cebe013|seekor
619112c6db23e5e38cebe015|pantai
running 816
running 817
619112c7db23e5e38cebe017|biru
running 818
619112c7db23e5e38cebe019|tingkat
running 819
619112c7db23e5e38cebe01b|pulau
619112c7db23e5e38cebe01d|konyol
running 820
619112c7db23e5e38cebe01f|negeri
running 821
running 822
619112c8db23e5e38cebe021|ih
running 823
619112c8db23e5e38cebe023|hujan
619112c8db23e5e38cebe025|kue
running 824
running 825
619112c8db23e5e38cebe027|menghadapi
619112c8db23e5e38cebe029|lokasi
running 826
619112c9db23e5e38cebe02b|dinding
running 827
619112c9db23e5e38cebe02d|timur
running 828
619112c9db23e5e38cebe02f|membayangkan
running 829
619112c9db23e5e38cebe031|gunung
running 830
619112c9db23e5e38cebe033|terjebak
running 831
running 832
619112cadb23e5e38cebe035|termasuk
619112cadb23e5e38cebe037|kisah
running 833
619112cadb23e5e38cebe039|perubahan
running 834
running 835
619112cadb23e5e38cebe03b|menyentuh
619112cadb23e5e38cebe03d|cepatlah
running 836
619112cbdb23e5e38cebe03f|berjuang
running 837
619112cbdb23e5e38cebe041|menderita
running 838
619112cbdb23e5e38cebe043|kursi
running 839
running 840
619112cbdb23e5e38cebe045|pisau
running 841
619112cbdb23e5e38cebe047|meletakkan
619112ccdb23e5e38cebe049|langit
running 842
619112ccdb23e5e38cebe04b|bar
running 843
619112ccdb23e5e38cebe04d|mirip
running 844
619112ccdb23e5e38cebe04f|kucing
running 845
619112ccdb23e5e38cebe051|seminggu
running 846
619112cddb23e5e38cebe053|menjalankan
running 847
running 848
619112cddb23e5e38cebe055|jantung
running 849
619112cddb23e5e38cebe057|warna
619112cddb23e5e38cebe059|barat
running 850
running 851
619112cddb23e5e38cebe05b|kehormatan
running 852
619112cedb23e5e38cebe05d|warga
619112cedb23e5e38cebe05f|kelompok
running 853
619112cedb23e5e38cebe061|jumlah
running 854
running 855
619112cedb23e5e38cebe063|sedih
619112cfdb23e5e38cebe065|gigi
running 856
running 857
running 858
619112cfdb23e5e38cebe067|Rusia
619112cfdb23e5e38cebe069|menyedihkan
running 859
619112cfdb23e5e38cebe06b|garis
running 860
619112cfdb23e5e38cebe06d|pihak
running 861
619112d0db23e5e38cebe06f|menangani
running 862
619112d0db23e5e38cebe071|ayam
running 863
619112d0db23e5e38cebe073|terbakar
running 864
619112d0db23e5e38cebe075|menyebabkan
619112d0db23e5e38cebe077|asli
running 865
619112d1db23e5e38cebe079|memimpin
running 866
619112d1db23e5e38cebe07b|tukang
running 867
running 868
running 869
running 870
619112d1db23e5e38cebe07d|umum
619112d1db23e5e38cebe07f|jari
running 871
running 872
619112d2db23e5e38cebe083|sehat
619112d2db23e5e38cebe085|melanjutkan
619112d1db23e5e38cebe081|menyakiti
running 873
running 874
running 875
619112d2db23e5e38cebe087|mesjid
619112d2db23e5e38cebe08b|surga
running 876
619112d2db23e5e38cebe089|menakjubkan
619112d3db23e5e38cebe08d|tidak usah
running 877
619112d3db23e5e38cebe08f|sisa
running 878
619112d3db23e5e38cebe091|delapan
running 879
619112d3db23e5e38cebe093|persis
619112d3db23e5e38cebe095|menciptakan
running 880
619112d4db23e5e38cebe097|mengatur
running 881
619112d4db23e5e38cebe099|tulang
running 882
619112d4db23e5e38cebe09b|gereja
running 883
running 884
619112d4db23e5e38cebe09d|penyakit
619112d4db23e5e38cebe09f|pemain
running 885
619112d5db23e5e38cebe0a1|pertempuran
running 886
running 887
619112d5db23e5e38cebe0a3|petunjuk
619112d5db23e5e38cebe0a5|lelaki
running 888
running 889
619112d5db23e5e38cebe0a7|bir
619112d5db23e5e38cebe0a9|membersihkan
running 890
619112d6db23e5e38cebe0ab|listrik
running 891
running 892
619112d6db23e5e38cebe0ad|pasangan
619112d6db23e5e38cebe0af|ketua
running 893
619112d6db23e5e38cebe0b1|santai
running 894
619112d6db23e5e38cebe0b3|jelek
running 895
619112d7db23e5e38cebe0b5|darurat
running 896
619112d7db23e5e38cebe0b7|menjauh
running 897
619112d7db23e5e38cebe0b9|membuang
running 898
619112d7db23e5e38cebe0bb|kejutan
running 899
619112d7db23e5e38cebe0bd|ribu
running 900
619112d8db23e5e38cebe0bf|supaya
running 901
619112d8db23e5e38cebe0c1|bentuk
running 902
619112d8db23e5e38cebe0c3|desa
running 903
619112d8db23e5e38cebe0c5|babi
running 904
619112d8db23e5e38cebe0c7|kebanyakan
running 905
619112d9db23e5e38cebe0c9|celana
running 906
619112d9db23e5e38cebe0cb|suruh
running 907
619112d9db23e5e38cebe0cd|halaman
running 908
619112d9db23e5e38cebe0cf|betul
running 909
619112d9db23e5e38cebe0d1|kencan
running 910
619112dadb23e5e38cebe0d3|stasiun
running 911
619112dadb23e5e38cebe0d5|melepaskan
running 912
619112dadb23e5e38cebe0d7|rendah
running 913
619112dadb23e5e38cebe0d9|adik
running 914
619112dbdb23e5e38cebe0db|melompat
running 915
619112dbdb23e5e38cebe0dd|mengurus
running 916
619112dbdb23e5e38cebe0df|kakek
running 917
619112dbdb23e5e38cebe0e1|kena
running 918
619112dbdb23e5e38cebe0e3|menakutki
running 919
619112dcdb23e5e38cebe0e5|jalur
running 920
running 921
619112dcdb23e5e38cebe0e7|klub
619112dcdb23e5e38cebe0e9|tikus
running 922
619112dcdb23e5e38cebe0eb|taman
running 923
619112dcdb23e5e38cebe0ed|lepas
running 924
619112dddb23e5e38cebe0ef|sore
running 925
619112dddb23e5e38cebe0f1|memperbaiki
running 926
619112dddb23e5e38cebe0f3|teh
running 927
619112dddb23e5e38cebe0f5|tes
running 928
619112dddb23e5e38cebe0f7|tampan
running 929
619112dedb23e5e38cebe0f9|wah
running 930
619112dedb23e5e38cebe0fb|kemampuan
running 931
619112dedb23e5e38cebe0fd|buah
running 932
619112dedb23e5e38cebe0ff|fokus
running 933
619112dedb23e5e38cebe101|lelucon
running 934
619112dfdb23e5e38cebe103|mengucapkan
running 935
619112dfdb23e5e38cebe105|kondisi
running 936
619112dfdb23e5e38cebe107|wilayah
running 937
619112dfdb23e5e38cebe109|lapangan
running 938
619112dfdb23e5e38cebe10b|mantan
running 939
running 940
619112e0db23e5e38cebe10d|bakar
619112e0db23e5e38cebe10f|tergantung
running 941
619112e0db23e5e38cebe111|bersiap
running 942
running 943
619112e0db23e5e38cebe113|masyarakat
running 944
running 945
619112e1db23e5e38cebe117|menyebutkan
619112e1db23e5e38cebe119|seni
running 946
running 947
619112e1db23e5e38cebe11b|terkejut
619112e0db23e5e38cebe115|guna
619112e1db23e5e38cebe11d|penerbangan
running 948
619112e1db23e5e38cebe11f|nyawa
running 949
619112e2db23e5e38cebe121|berdoa
running 950
619112e2db23e5e38cebe123|anggur
running 951
619112e2db23e5e38cebe125|permintaan
running 952
619112e2db23e5e38cebe127|terkadang
running 953
619112e2db23e5e38cebe129|seksi
running 954
619112e3db23e5e38cebe12b|bibi
running 955
619112e3db23e5e38cebe12d|sumber
running 956
619112e3db23e5e38cebe12f|tangga
running 957
619112e3db23e5e38cebe131|tanggal
running 958
619112e3db23e5e38cebe133|kesulitan
running 959
619112e4db23e5e38cebe135|suci
running 960
619112e4db23e5e38cebe137|kasar
running 961
619112e4db23e5e38cebe139|pencuri
running 962
619112e4db23e5e38cebe13b|walaupun
running 963
619112e4db23e5e38cebe13d|mencium
running 964
619112e5db23e5e38cebe13f|biaya
running 965
619112e5db23e5e38cebe141|kebetulan
running 966
619112e5db23e5e38cebe143|sejati
running 967
619112e5db23e5e38cebe145|sinyal
running 968
619112e5db23e5e38cebe147|menghargai
running 969
619112e6db23e5e38cebe149|program
running 970
619112e6db23e5e38cebe14b|menyembunyikan
running 971
619112e6db23e5e38cebe14d|perahu
running 972
619112e6db23e5e38cebe14f|parah
running 973
619112e7db23e5e38cebe151|gerbang
running 974
running 975
619112e7db23e5e38cebe155|tiket
running 976
619112e7db23e5e38cebe157|menganggap
running 977
619112e7db23e5e38cebe153|sihir
619112e7db23e5e38cebe159|puluh
running 978
619112e8db23e5e38cebe15b|pertunjukan
running 979
619112e8db23e5e38cebe15d|narkoba
running 980
619112e8db23e5e38cebe15f|membuktikan
running 981
running 982
619112e8db23e5e38cebe161|hijau
619112e8db23e5e38cebe163|jarak
running 983
619112e9db23e5e38cebe165|malah
running 984
running 985
619112e9db23e5e38cebe167|semangat
619112e9db23e5e38cebe169|melanggar
running 986
running 987
619112e9db23e5e38cebe16b|badai
619112e9db23e5e38cebe16d|cerdas
running 988
running 989
619112eadb23e5e38cebe171|hormat
running 990
619112eadb23e5e38cebe173|energi
running 991
619112eadb23e5e38cebe175|bersikap
running 992
619112eadb23e5e38cebe177|isi
619112eadb23e5e38cebe16f|kertas
running 993
619112ebdb23e5e38cebe179|tekanan
running 994
619112ebdb23e5e38cebe17b|memalukan
running 995
619112ebdb23e5e38cebe17d|sudut
619112ebdb23e5e38cebe17f|Perancis
running 0
running 1
6191133edb23e5e38cebe181|putra
running 2
6191133edb23e5e38cebe183|data
running 3
6191133edb23e5e38cebe185|bocah
running 4
6191133edb23e5e38cebe187|mengagumkan
